#
# A fatal error has been detected by the Java Runtime Environment:
#
#  SIGSEGV (0xb) at pc=0x00007f8efcd298fd, pid=20017, tid=20017
#
# JRE version: OpenJDK Runtime Environment (25.0.2) (build 25.0.2)
# Java VM: OpenJDK 64-Bit Server VM (25.0.2, mixed mode, sharing, tiered, compressed oops, compressed class ptrs, g1 gc, linux-amd64)
# Problematic frame:
# V  [libjvm.so+0x7298fd]
#
# Core dump will be written. Default location: Core dumps may be processed with "/usr/lib/systemd/systemd-coredump %P %u %g %s %t %c %h %d %F" (or dumping to /home/sammy/projects/personal/nexus/Example/core.20017)
#
# If you would like to submit a bug report, please visit:
#   https://bugreport.java.com/bugreport/crash.jsp
#

---------------  S U M M A R Y ------------

Command Line: 

Host: 13th Gen Intel(R) Core(TM) i7-13650HX, 19 cores, 15G, EndeavourOS Linux
Time: Tue Feb 24 16:43:23 2026 IST elapsed time: 0.010108 seconds (0d 0h 0m 0s)

---------------  T H R E A D  ---------------

Current thread (0x000055957ff41c40):  JavaThread "main"             [_thread_in_vm, id=20017, stack(0x00007ffd0cf78000,0x00007ffd0d078000) (1024K)]

Stack: [0x00007ffd0cf78000,0x00007ffd0d078000],  sp=0x00007ffd0d073ef0,  free space=1007k
Native frames: (J=compiled Java code, j=interpreted, Vv=VM code, C=native code)
V  [libjvm.so+0x7298fd]
V  [libjvm.so+0x729d42]
C  [c_adapter+0x1220]  nexus_init+0xa7
C  [c_adapter+0x1436]  main+0x2a
C  [libc.so.6+0x276c1]
C  [libc.so.6+0x277f9]  __libc_start_main+0x89

siginfo: si_signo: 11 (SIGSEGV), si_code: 1 (SEGV_MAPERR), si_addr: 0x0000000000000000

Registers:
RAX=0x0000000000000000, RBX=0x000000004e4aea78, RCX=0x0000000000009b75, RDX=0x0000000000000000
RSP=0x00007ffd0d073ef0, RBP=0x00007ffd0d074080, RSI=0x000055955bb12051, RDI=0x000000004e4b158e
R8 =0x000000004ed41ff0, R9 =0x000000004e4b1588, R10=0x0000000000000003, R11=0x000000004ed42008
R12=0x000000004e4b1588, R13=0x000055955bb12055, R14=0x000055957ff41c40, R15=0x000055955bb13db8
RIP=0x00007f8efcd298fd, EFLAGS=0x0000000000010293, CSGSFS=0x002b000000000033, ERR=0x0000000000000004
  TRAPNO=0x000000000000000e

XMM[0]=0x0000000000000000 0x0000000000000000
XMM[1]=0x0000000000ff0000 0x00000000ff000000
XMM[2]=0x0000000000000000 0x00000000ffffffff
XMM[3]=0x7379732f656c6966 0x7373616c632f6572
XMM[4]=0x72616e6f69746369 0x446d65747379732f
XMM[5]=0x746f7073746f682f 0x6372732f30312d32
XMM[6]=0x2f6b646a6e65706f 0x2d6176616a2f6775
XMM[7]=0x6f7268740a202930 0x3832323136613137
XMM[8]=0x0000000000000000 0x0000000000000000
XMM[9]=0x0000000000000000 0x0000000000000000
XMM[10]=0x0000000000000000 0x0000000000000000
XMM[11]=0x9999999999999999 0x9999999999999999
XMM[12]=0x2020202020202020 0x2020202020202020
XMM[13]=0x0000000000ff00fb 0x0000000000fe00fa
XMM[14]=0x0000000000000000 0x0000000000000000
XMM[15]=0x0000000000000000 0x0000000000000000
  MXCSR=0x00001fa2


Register to memory mapping:

RAX=0x0 is null
RBX=0x000000004e4aea78 is pointing into metadata
RCX=0x0000000000009b75 is an unknown value
RDX=0x0 is null
RSP=0x00007ffd0d073ef0 is pointing into the stack for thread: 0x000055957ff41c40
RBP=0x00007ffd0d074080 is pointing into the stack for thread: 0x000055957ff41c40
RSI=0x000055955bb12051: <offset 0x0000000000002051> in ./c_adapter at 0x000055955bb10000
RDI=0x000000004e4b158e is pointing into metadata
R8 =0x000000004ed41ff0 is pointing into metadata
R9 =0x000000004e4b1588 is pointing into metadata
R10=0x0000000000000003 is an unknown value
R11=0x000000004ed42008 is pointing into metadata
R12=0x000000004e4b1588 is pointing into metadata
R13=0x000055955bb12055: <offset 0x0000000000002055> in ./c_adapter at 0x000055955bb10000
R14=0x000055957ff41c40 is a thread
R15=0x000055955bb13db8: <offset 0x0000000000003db8> in ./c_adapter at 0x000055955bb10000

Top of Stack: (sp=0x00007ffd0d073ef0)
0x00007ffd0d073ef0:   0000000000000074 000000000000006f   t.......o.......
0x00007ffd0d073f00:   000055955bb12051 0000000000000000   Q .[.U..........
0x00007ffd0d073f10:   0000000000000000 000055957ff2c258   ........X....U..
0x00007ffd0d073f20:   00000000000000e3 0000000000000200   ................
0x00007ffd0d073f30:   000055957ff43f01 00007ffd0d073ee0   .?...U...>......
0x00007ffd0d073f40:   00007ffd00009b75 0000000800000002   u...............
0x00007ffd0d073f50:   0000000000000001 0000000000000000   ................
0x00007ffd0d073f60:   000055957ff438c0 000055957ff43880   .8...U...8...U..
0x00007ffd0d073f70:   0000000000000001 000055957ff41c40   ........@....U..
0x00007ffd0d073f80:   000055957ff43d20 0000000000000000    =...U..........
0x00007ffd0d073f90:   000055957ff438d8 000000004e4ac610   .8...U....JN....
0x00007ffd0d073fa0:   00007ffd0d074010 00007f8efd305994   .@.......Y0.....
0x00007ffd0d073fb0:   000055957ff43880 000055957ff43880   .8...U...8...U..
0x00007ffd0d073fc0:   000055957ff43880 000055957ff438c0   .8...U...8...U..
0x00007ffd0d073fd0:   000055957ff438d8 000055957ff43cb0   .8...U...<...U..
0x00007ffd0d073fe0:   00000000000003d8 000055957ff41c40   ........@....U..
0x00007ffd0d073ff0:   000055957ff41c40 0000000000000001   @....U..........
0x00007ffd0d074000:   0000000000000001 000055958007b578   ........x....U..
0x00007ffd0d074010:   00007ffd0d074050 00007f8efcd8cf3a   P@......:.......
0x00007ffd0d074020:   0000000000000000 000055958007b578   ........x....U..
0x00007ffd0d074030:   000055957ff41c40 0000000000000000   @....U..........
0x00007ffd0d074040:   0000000000000000 00007f8efd8a1000   ................
0x00007ffd0d074050:   00007ffd0d0740d0 000055957ff41c40   .@......@....U..
0x00007ffd0d074060:   0000000000000000 000055955bb12055   ........U .[.U..
0x00007ffd0d074070:   000055955bb12051 000055955bb13db8   Q .[.U...=.[.U..
0x00007ffd0d074080:   00007ffd0d0740d0 00007f8efcd29d42   .@......B.......
0x00007ffd0d074090:   000055957ff41c40 000055957ff43d18   @....U...=...U..
0x00007ffd0d0740a0:   676665640000013c 00007f8efd504f90   <...defg.OP.....
0x00007ffd0d0740b0:   0000000000000000 00007ffd0d0742c8   .........B......
0x00007ffd0d0740c0:   0000000000000001 00007f8efd8a1000   ................
0x00007ffd0d0740d0:   00007ffd0d074150 000055955bb11220   PA...... ..[.U..
0x00007ffd0d0740e0:   00007ffd0d074170 00007ffd0d074168   pA......hA......

Instructions: (pc=0x00007f8efcd298fd)
  0x00007f8efcd297fd:   ff 66 90 48 83 fe ff 74 19 48 89 b5 78 ff ff ff
  0x00007f8efcd2980d:   48 d1 ee 83 e6 0f 40 88 b5 70 ff ff ff e9 fd fd
  0x00007f8efcd2981d:   ff ff 48 c7 85 78 ff ff ff ff ff ff ff e9 ed fd
  0x00007f8efcd2982d:   ff ff 90 55 48 89 e5 41 57 41 56 4d 89 c6 41 55
  0x00007f8efcd2983d:   49 89 f5 41 54 53 48 89 f3 48 81 ec 68 01 00 00
  0x00007f8efcd2984d:   48 89 bd 88 fe ff ff 48 89 95 80 fe ff ff 89 8d
  0x00007f8efcd2985d:   7c fe ff ff 48 85 f6 0f 84 ce 03 00 00 48 89 df
  0x00007f8efcd2986d:   ff 15 05 40 a7 00 48 89 df 48 8d 95 c0 fe ff ff
  0x00007f8efcd2987d:   89 c6 e8 2c 36 5c 00 48 89 c3 48 85 c0 0f 84 08
  0x00007f8efcd2988d:   02 00 00 8b 00 66 83 f8 01 0f 84 b4 03 00 00 48
  0x00007f8efcd2989d:   8b bd 80 fe ff ff ff 15 cf 3f a7 00 48 8b bd 80
  0x00007f8efcd298ad:   fe ff ff 48 8d 95 c0 fe ff ff 89 c6 e8 f2 35 5c
  0x00007f8efcd298bd:   00 49 89 c4 48 85 c0 0f 84 b3 03 00 00 41 8b 04
  0x00007f8efcd298cd:   24 66 83 f8 01 0f 84 c8 02 00 00 48 8b 85 88 fe
  0x00007f8efcd298dd:   ff ff 83 e0 03 48 83 f8 01 0f 84 04 02 00 00 48
  0x00007f8efcd298ed:   83 f8 02 0f 84 1a 02 00 00 48 8b 85 88 fe ff ff
=>0x00007f8efcd298fd:   48 8b 00 48 63 15 5d 55 aa 00 4c 8b 0c 10 4d 85
  0x00007f8efcd2990d:   c9 0f 84 4c 03 00 00 49 8b 01 4c 89 8d 88 fe ff
  0x00007f8efcd2991d:   ff 4c 89 cf 4c 89 f6 ff 90 b0 00 00 00 49 83 7e
  0x00007f8efcd2992d:   08 00 4c 8b 8d 88 fe ff ff 0f 85 48 01 00 00 48
  0x00007f8efcd2993d:   3b 1d 55 16 aa 00 74 7b 48 3b 1d 54 16 aa 00 74
  0x00007f8efcd2994d:   72 49 8b 01 4c 89 cf 4c 89 8d 88 fe ff ff 45 31
  0x00007f8efcd2995d:   c0 31 c9 4c 89 e2 48 89 de ff 90 c0 00 00 00 4c
  0x00007f8efcd2996d:   8b 8d 88 fe ff ff 48 85 c0 48 89 c7 0f 84 31 02
  0x00007f8efcd2997d:   00 00 0f b6 47 2c c0 e8 03 83 e0 01 38 85 7c fe
  0x00007f8efcd2998d:   ff ff 75 3b e8 ba 9b 2c 00 4c 89 e7 49 89 c5 e8
  0x00007f8efcd2999d:   ef 47 5d 00 48 89 df e8 e7 47 5d 00 48 81 c4 68
  0x00007f8efcd299ad:   01 00 00 4c 89 e8 5b 41 5c 41 5d 41 5e 41 5f 5d
  0x00007f8efcd299bd:   c3 66 90 66 41 83 79 0c 04 0f 86 64 01 00 00 4d
  0x00007f8efcd299cd:   8b 96 00 04 00 00 4c 89 cf 49 8b 42 08 f3 41 0f
  0x00007f8efcd299dd:   7e 42 20 66 49 0f 6e ca 41 0f 16 42 28 41 0f 16
  0x00007f8efcd299ed:   4a 18 4c 89 95 88 fe ff ff 48 89 85 b0 fe ff ff


Stack slot to memory mapping:

stack at sp + 0 slots: 0x0000000000000074 is an unknown value
stack at sp + 1 slots: 0x000000000000006f is an unknown value
stack at sp + 2 slots: 0x000055955bb12051: <offset 0x0000000000002051> in ./c_adapter at 0x000055955bb10000
stack at sp + 3 slots: 0x0 is null
stack at sp + 4 slots: 0x0 is null
stack at sp + 5 slots: 0x000055957ff2c258 points into unknown readable memory: 0x6f69747065637845 | 45 78 63 65 70 74 69 6f
stack at sp + 6 slots: 0x00000000000000e3 is an unknown value
stack at sp + 7 slots: 0x0000000000000200 is an unknown value

Lock stack of current Java thread (top to bottom):


---------------  P R O C E S S  ---------------

Threads class SMR info:
_java_thread_list=0x000055958007ad10, length=9, elements={
0x000055957ff41c40, 0x00005595800640f0, 0x0000559580065130, 0x0000559580066540,
0x0000559580067d20, 0x00005595800695b0, 0x000055958006b440, 0x000055958006ce40,
0x0000559580079a70
}

Java Threads: ( => current thread )
=>0x000055957ff41c40 JavaThread "main"                              [_thread_in_vm, id=20017, stack(0x00007ffd0cf78000,0x00007ffd0d078000) (1024K)]
  0x00005595800640f0 JavaThread "Reference Handler"          daemon [_thread_blocked, id=20029, stack(0x00007f8ecedef000,0x00007f8eceeef000) (1024K)]
  0x0000559580065130 JavaThread "Finalizer"                  daemon [_thread_blocked, id=20030, stack(0x00007f8eceef0000,0x00007f8eceff0000) (1024K)]
  0x0000559580066540 JavaThread "Signal Dispatcher"          daemon [_thread_blocked, id=20031, stack(0x00007f8ece900000,0x00007f8ecea00000) (1024K)]
  0x0000559580067d20 JavaThread "Service Thread"             daemon [_thread_blocked, id=20032, stack(0x00007f8ece7ff000,0x00007f8ece8ff000) (1024K)]
  0x00005595800695b0 JavaThread "Monitor Deflation Thread"   daemon [_thread_blocked, id=20033, stack(0x00007f8ece6fe000,0x00007f8ece7fe000) (1024K)]
  0x000055958006b440 JavaThread "C2 CompilerThread0"         daemon [_thread_blocked, id=20034, stack(0x00007f8ece5fd000,0x00007f8ece6fd000) (1024K)]
  0x000055958006ce40 JavaThread "C1 CompilerThread0"         daemon [_thread_blocked, id=20035, stack(0x00007f8ece4fc000,0x00007f8ece5fc000) (1024K)]
  0x0000559580079a70 JavaThread "Notification Thread"        daemon [_thread_blocked, id=20036, stack(0x00007f8ece3fb000,0x00007f8ece4fb000) (1024K)]
Total: 9

Other Threads:
  0x000055958005a580 VMThread "VM Thread"                           [id=20028, stack(0x00007f8eceff1000,0x00007f8ecf0f1000) (1024K)]
  0x0000559580049da0 WatcherThread "VM Periodic Task Thread"        [id=20027, stack(0x00007f8ecf0f2000,0x00007f8ecf1f2000) (1024K)]
  0x000055957ffac550 WorkerThread "GC Thread#0"                     [id=20018, stack(0x00007f8ede5b0000,0x00007f8ede6b0000) (1024K)]
  0x000055957ffc4d70 ConcurrentGCThread "G1 Main Marker"            [id=20019, stack(0x00007f8ede4af000,0x00007f8ede5af000) (1024K)]
  0x000055957ffc5f80 WorkerThread "G1 Conc#0"                       [id=20020, stack(0x00007f8ede3ae000,0x00007f8ede4ae000) (1024K)]
  0x00005595800325b0 ConcurrentGCThread "G1 Refine#0"               [id=20021, stack(0x00007f8ecf2f4000,0x00007f8ecf3f4000) (1024K)]
  0x00005595800337b0 ConcurrentGCThread "G1 Service"                [id=20022, stack(0x00007f8ecf1f3000,0x00007f8ecf2f3000) (1024K)]
Total: 7

Threads with active compile tasks:
Total: 0

VM state: not at safepoint (normal execution)

VM Mutex/Monitor currently owned by a thread: None

Heap address: 0x000000070b200000, size: 3918 MB, Compressed Oops mode: Zero based, Oop shift amount: 3

CDS archive(s) mapped at: [0x000000004e000000-0x000000004ed8d000-0x000000004ed8d000), size 14209024, SharedBaseAddress: 0x000000004e000000, ArchiveRelocationMode: 1.
Compressed class space mapped at: 0x000000004f000000-0x000000008f000000, reserved size: 1073741824
UseCompressedClassPointers 1, UseCompactObjectHeaders 0
Narrow klass pointer bits 32, Max shift 3
Narrow klass base: 0x000000004e000000, Narrow klass shift: 0
Encoding Range: [0x000000004e000000 - 0x000000014e000000), (4294967296 bytes)
Klass Range:    [0x000000004e001000 - 0x000000008f000000), (1090514944 bytes)
Klass ID Range:  [4096 - 1090519033) (1090514937)
Protection zone: [0x000000004e000000 - 0x000000004e001000), (4096 bytes)

GC Precious Log:
 CardTable entry size: 512
 Card Set container configuration: InlinePtr #cards 4 size 8 Array Of Cards #cards 16 size 48 Howl #buckets 8 coarsen threshold 3686 Howl Bitmap #cards 512 size 80 coarsen threshold 460 Card regions per heap region 1 cards per card region 4096
 CPUs: 19 total, 19 available
 Memory: 15667M
 Large Page Support: Disabled
 NUMA Support: Disabled
 Compressed Oops: Enabled (Zero based)
 Heap Region Size: 2M
 Heap Min Capacity: 8M
 Heap Initial Capacity: 246M
 Heap Max Capacity: 3918M
 Pre-touch: Disabled
 Parallel Workers: 14
 Concurrent Workers: 4
 Concurrent Refinement Workers: 14
 Periodic GC: Disabled

Heap:
 garbage-first heap   total reserved 4012032K, committed 253952K, used 1155K [0x000000070b200000, 0x0000000800000000)
  region size 2048K, 1 young (2048K), 0 survivors (0K)

Heap Regions: E=young(eden), S=young(survivor), O=old, HS=humongous(starts), HC=humongous(continues), CS=collection set, F=free, TAMS=top-at-mark-start, PB=parsable bottom
|   0|0x000000070b200000, 0x000000070b200000, 0x000000070b400000|  0%| F|  |TAMS 0x000000070b200000| PB 0x000000070b200000| Untracked |  0
|   1|0x000000070b400000, 0x000000070b400000, 0x000000070b600000|  0%| F|  |TAMS 0x000000070b400000| PB 0x000000070b400000| Untracked |  0
|   2|0x000000070b600000, 0x000000070b600000, 0x000000070b800000|  0%| F|  |TAMS 0x000000070b600000| PB 0x000000070b600000| Untracked |  0
|   3|0x000000070b800000, 0x000000070b800000, 0x000000070ba00000|  0%| F|  |TAMS 0x000000070b800000| PB 0x000000070b800000| Untracked |  0
|   4|0x000000070ba00000, 0x000000070ba00000, 0x000000070bc00000|  0%| F|  |TAMS 0x000000070ba00000| PB 0x000000070ba00000| Untracked |  0
|   5|0x000000070bc00000, 0x000000070bc00000, 0x000000070be00000|  0%| F|  |TAMS 0x000000070bc00000| PB 0x000000070bc00000| Untracked |  0
|   6|0x000000070be00000, 0x000000070be00000, 0x000000070c000000|  0%| F|  |TAMS 0x000000070be00000| PB 0x000000070be00000| Untracked |  0
|   7|0x000000070c000000, 0x000000070c000000, 0x000000070c200000|  0%| F|  |TAMS 0x000000070c000000| PB 0x000000070c000000| Untracked |  0
|   8|0x000000070c200000, 0x000000070c200000, 0x000000070c400000|  0%| F|  |TAMS 0x000000070c200000| PB 0x000000070c200000| Untracked |  0
|   9|0x000000070c400000, 0x000000070c400000, 0x000000070c600000|  0%| F|  |TAMS 0x000000070c400000| PB 0x000000070c400000| Untracked |  0
|  10|0x000000070c600000, 0x000000070c600000, 0x000000070c800000|  0%| F|  |TAMS 0x000000070c600000| PB 0x000000070c600000| Untracked |  0
|  11|0x000000070c800000, 0x000000070c800000, 0x000000070ca00000|  0%| F|  |TAMS 0x000000070c800000| PB 0x000000070c800000| Untracked |  0
|  12|0x000000070ca00000, 0x000000070ca00000, 0x000000070cc00000|  0%| F|  |TAMS 0x000000070ca00000| PB 0x000000070ca00000| Untracked |  0
|  13|0x000000070cc00000, 0x000000070cc00000, 0x000000070ce00000|  0%| F|  |TAMS 0x000000070cc00000| PB 0x000000070cc00000| Untracked |  0
|  14|0x000000070ce00000, 0x000000070ce00000, 0x000000070d000000|  0%| F|  |TAMS 0x000000070ce00000| PB 0x000000070ce00000| Untracked |  0
|  15|0x000000070d000000, 0x000000070d000000, 0x000000070d200000|  0%| F|  |TAMS 0x000000070d000000| PB 0x000000070d000000| Untracked |  0
|  16|0x000000070d200000, 0x000000070d200000, 0x000000070d400000|  0%| F|  |TAMS 0x000000070d200000| PB 0x000000070d200000| Untracked |  0
|  17|0x000000070d400000, 0x000000070d400000, 0x000000070d600000|  0%| F|  |TAMS 0x000000070d400000| PB 0x000000070d400000| Untracked |  0
|  18|0x000000070d600000, 0x000000070d600000, 0x000000070d800000|  0%| F|  |TAMS 0x000000070d600000| PB 0x000000070d600000| Untracked |  0
|  19|0x000000070d800000, 0x000000070d800000, 0x000000070da00000|  0%| F|  |TAMS 0x000000070d800000| PB 0x000000070d800000| Untracked |  0
|  20|0x000000070da00000, 0x000000070da00000, 0x000000070dc00000|  0%| F|  |TAMS 0x000000070da00000| PB 0x000000070da00000| Untracked |  0
|  21|0x000000070dc00000, 0x000000070dc00000, 0x000000070de00000|  0%| F|  |TAMS 0x000000070dc00000| PB 0x000000070dc00000| Untracked |  0
|  22|0x000000070de00000, 0x000000070de00000, 0x000000070e000000|  0%| F|  |TAMS 0x000000070de00000| PB 0x000000070de00000| Untracked |  0
|  23|0x000000070e000000, 0x000000070e000000, 0x000000070e200000|  0%| F|  |TAMS 0x000000070e000000| PB 0x000000070e000000| Untracked |  0
|  24|0x000000070e200000, 0x000000070e200000, 0x000000070e400000|  0%| F|  |TAMS 0x000000070e200000| PB 0x000000070e200000| Untracked |  0
|  25|0x000000070e400000, 0x000000070e400000, 0x000000070e600000|  0%| F|  |TAMS 0x000000070e400000| PB 0x000000070e400000| Untracked |  0
|  26|0x000000070e600000, 0x000000070e600000, 0x000000070e800000|  0%| F|  |TAMS 0x000000070e600000| PB 0x000000070e600000| Untracked |  0
|  27|0x000000070e800000, 0x000000070e800000, 0x000000070ea00000|  0%| F|  |TAMS 0x000000070e800000| PB 0x000000070e800000| Untracked |  0
|  28|0x000000070ea00000, 0x000000070ea00000, 0x000000070ec00000|  0%| F|  |TAMS 0x000000070ea00000| PB 0x000000070ea00000| Untracked |  0
|  29|0x000000070ec00000, 0x000000070ec00000, 0x000000070ee00000|  0%| F|  |TAMS 0x000000070ec00000| PB 0x000000070ec00000| Untracked |  0
|  30|0x000000070ee00000, 0x000000070ee00000, 0x000000070f000000|  0%| F|  |TAMS 0x000000070ee00000| PB 0x000000070ee00000| Untracked |  0
|  31|0x000000070f000000, 0x000000070f000000, 0x000000070f200000|  0%| F|  |TAMS 0x000000070f000000| PB 0x000000070f000000| Untracked |  0
|  32|0x000000070f200000, 0x000000070f200000, 0x000000070f400000|  0%| F|  |TAMS 0x000000070f200000| PB 0x000000070f200000| Untracked |  0
|  33|0x000000070f400000, 0x000000070f400000, 0x000000070f600000|  0%| F|  |TAMS 0x000000070f400000| PB 0x000000070f400000| Untracked |  0
|  34|0x000000070f600000, 0x000000070f600000, 0x000000070f800000|  0%| F|  |TAMS 0x000000070f600000| PB 0x000000070f600000| Untracked |  0
|  35|0x000000070f800000, 0x000000070f800000, 0x000000070fa00000|  0%| F|  |TAMS 0x000000070f800000| PB 0x000000070f800000| Untracked |  0
|  36|0x000000070fa00000, 0x000000070fa00000, 0x000000070fc00000|  0%| F|  |TAMS 0x000000070fa00000| PB 0x000000070fa00000| Untracked |  0
|  37|0x000000070fc00000, 0x000000070fc00000, 0x000000070fe00000|  0%| F|  |TAMS 0x000000070fc00000| PB 0x000000070fc00000| Untracked |  0
|  38|0x000000070fe00000, 0x000000070fe00000, 0x0000000710000000|  0%| F|  |TAMS 0x000000070fe00000| PB 0x000000070fe00000| Untracked |  0
|  39|0x0000000710000000, 0x0000000710000000, 0x0000000710200000|  0%| F|  |TAMS 0x0000000710000000| PB 0x0000000710000000| Untracked |  0
|  40|0x0000000710200000, 0x0000000710200000, 0x0000000710400000|  0%| F|  |TAMS 0x0000000710200000| PB 0x0000000710200000| Untracked |  0
|  41|0x0000000710400000, 0x0000000710400000, 0x0000000710600000|  0%| F|  |TAMS 0x0000000710400000| PB 0x0000000710400000| Untracked |  0
|  42|0x0000000710600000, 0x0000000710600000, 0x0000000710800000|  0%| F|  |TAMS 0x0000000710600000| PB 0x0000000710600000| Untracked |  0
|  43|0x0000000710800000, 0x0000000710800000, 0x0000000710a00000|  0%| F|  |TAMS 0x0000000710800000| PB 0x0000000710800000| Untracked |  0
|  44|0x0000000710a00000, 0x0000000710a00000, 0x0000000710c00000|  0%| F|  |TAMS 0x0000000710a00000| PB 0x0000000710a00000| Untracked |  0
|  45|0x0000000710c00000, 0x0000000710c00000, 0x0000000710e00000|  0%| F|  |TAMS 0x0000000710c00000| PB 0x0000000710c00000| Untracked |  0
|  46|0x0000000710e00000, 0x0000000710e00000, 0x0000000711000000|  0%| F|  |TAMS 0x0000000710e00000| PB 0x0000000710e00000| Untracked |  0
|  47|0x0000000711000000, 0x0000000711000000, 0x0000000711200000|  0%| F|  |TAMS 0x0000000711000000| PB 0x0000000711000000| Untracked |  0
|  48|0x0000000711200000, 0x0000000711200000, 0x0000000711400000|  0%| F|  |TAMS 0x0000000711200000| PB 0x0000000711200000| Untracked |  0
|  49|0x0000000711400000, 0x0000000711400000, 0x0000000711600000|  0%| F|  |TAMS 0x0000000711400000| PB 0x0000000711400000| Untracked |  0
|  50|0x0000000711600000, 0x0000000711600000, 0x0000000711800000|  0%| F|  |TAMS 0x0000000711600000| PB 0x0000000711600000| Untracked |  0
|  51|0x0000000711800000, 0x0000000711800000, 0x0000000711a00000|  0%| F|  |TAMS 0x0000000711800000| PB 0x0000000711800000| Untracked |  0
|  52|0x0000000711a00000, 0x0000000711a00000, 0x0000000711c00000|  0%| F|  |TAMS 0x0000000711a00000| PB 0x0000000711a00000| Untracked |  0
|  53|0x0000000711c00000, 0x0000000711c00000, 0x0000000711e00000|  0%| F|  |TAMS 0x0000000711c00000| PB 0x0000000711c00000| Untracked |  0
|  54|0x0000000711e00000, 0x0000000711e00000, 0x0000000712000000|  0%| F|  |TAMS 0x0000000711e00000| PB 0x0000000711e00000| Untracked |  0
|  55|0x0000000712000000, 0x0000000712000000, 0x0000000712200000|  0%| F|  |TAMS 0x0000000712000000| PB 0x0000000712000000| Untracked |  0
|  56|0x0000000712200000, 0x0000000712200000, 0x0000000712400000|  0%| F|  |TAMS 0x0000000712200000| PB 0x0000000712200000| Untracked |  0
|  57|0x0000000712400000, 0x0000000712400000, 0x0000000712600000|  0%| F|  |TAMS 0x0000000712400000| PB 0x0000000712400000| Untracked |  0
|  58|0x0000000712600000, 0x0000000712600000, 0x0000000712800000|  0%| F|  |TAMS 0x0000000712600000| PB 0x0000000712600000| Untracked |  0
|  59|0x0000000712800000, 0x0000000712800000, 0x0000000712a00000|  0%| F|  |TAMS 0x0000000712800000| PB 0x0000000712800000| Untracked |  0
|  60|0x0000000712a00000, 0x0000000712a00000, 0x0000000712c00000|  0%| F|  |TAMS 0x0000000712a00000| PB 0x0000000712a00000| Untracked |  0
|  61|0x0000000712c00000, 0x0000000712c00000, 0x0000000712e00000|  0%| F|  |TAMS 0x0000000712c00000| PB 0x0000000712c00000| Untracked |  0
|  62|0x0000000712e00000, 0x0000000712e00000, 0x0000000713000000|  0%| F|  |TAMS 0x0000000712e00000| PB 0x0000000712e00000| Untracked |  0
|  63|0x0000000713000000, 0x0000000713000000, 0x0000000713200000|  0%| F|  |TAMS 0x0000000713000000| PB 0x0000000713000000| Untracked |  0
|  64|0x0000000713200000, 0x0000000713200000, 0x0000000713400000|  0%| F|  |TAMS 0x0000000713200000| PB 0x0000000713200000| Untracked |  0
|  65|0x0000000713400000, 0x0000000713400000, 0x0000000713600000|  0%| F|  |TAMS 0x0000000713400000| PB 0x0000000713400000| Untracked |  0
|  66|0x0000000713600000, 0x0000000713600000, 0x0000000713800000|  0%| F|  |TAMS 0x0000000713600000| PB 0x0000000713600000| Untracked |  0
|  67|0x0000000713800000, 0x0000000713800000, 0x0000000713a00000|  0%| F|  |TAMS 0x0000000713800000| PB 0x0000000713800000| Untracked |  0
|  68|0x0000000713a00000, 0x0000000713a00000, 0x0000000713c00000|  0%| F|  |TAMS 0x0000000713a00000| PB 0x0000000713a00000| Untracked |  0
|  69|0x0000000713c00000, 0x0000000713c00000, 0x0000000713e00000|  0%| F|  |TAMS 0x0000000713c00000| PB 0x0000000713c00000| Untracked |  0
|  70|0x0000000713e00000, 0x0000000713e00000, 0x0000000714000000|  0%| F|  |TAMS 0x0000000713e00000| PB 0x0000000713e00000| Untracked |  0
|  71|0x0000000714000000, 0x0000000714000000, 0x0000000714200000|  0%| F|  |TAMS 0x0000000714000000| PB 0x0000000714000000| Untracked |  0
|  72|0x0000000714200000, 0x0000000714200000, 0x0000000714400000|  0%| F|  |TAMS 0x0000000714200000| PB 0x0000000714200000| Untracked |  0
|  73|0x0000000714400000, 0x0000000714400000, 0x0000000714600000|  0%| F|  |TAMS 0x0000000714400000| PB 0x0000000714400000| Untracked |  0
|  74|0x0000000714600000, 0x0000000714600000, 0x0000000714800000|  0%| F|  |TAMS 0x0000000714600000| PB 0x0000000714600000| Untracked |  0
|  75|0x0000000714800000, 0x0000000714800000, 0x0000000714a00000|  0%| F|  |TAMS 0x0000000714800000| PB 0x0000000714800000| Untracked |  0
|  76|0x0000000714a00000, 0x0000000714a00000, 0x0000000714c00000|  0%| F|  |TAMS 0x0000000714a00000| PB 0x0000000714a00000| Untracked |  0
|  77|0x0000000714c00000, 0x0000000714c00000, 0x0000000714e00000|  0%| F|  |TAMS 0x0000000714c00000| PB 0x0000000714c00000| Untracked |  0
|  78|0x0000000714e00000, 0x0000000714e00000, 0x0000000715000000|  0%| F|  |TAMS 0x0000000714e00000| PB 0x0000000714e00000| Untracked |  0
|  79|0x0000000715000000, 0x0000000715000000, 0x0000000715200000|  0%| F|  |TAMS 0x0000000715000000| PB 0x0000000715000000| Untracked |  0
|  80|0x0000000715200000, 0x0000000715200000, 0x0000000715400000|  0%| F|  |TAMS 0x0000000715200000| PB 0x0000000715200000| Untracked |  0
|  81|0x0000000715400000, 0x0000000715400000, 0x0000000715600000|  0%| F|  |TAMS 0x0000000715400000| PB 0x0000000715400000| Untracked |  0
|  82|0x0000000715600000, 0x0000000715600000, 0x0000000715800000|  0%| F|  |TAMS 0x0000000715600000| PB 0x0000000715600000| Untracked |  0
|  83|0x0000000715800000, 0x0000000715800000, 0x0000000715a00000|  0%| F|  |TAMS 0x0000000715800000| PB 0x0000000715800000| Untracked |  0
|  84|0x0000000715a00000, 0x0000000715a00000, 0x0000000715c00000|  0%| F|  |TAMS 0x0000000715a00000| PB 0x0000000715a00000| Untracked |  0
|  85|0x0000000715c00000, 0x0000000715c00000, 0x0000000715e00000|  0%| F|  |TAMS 0x0000000715c00000| PB 0x0000000715c00000| Untracked |  0
|  86|0x0000000715e00000, 0x0000000715e00000, 0x0000000716000000|  0%| F|  |TAMS 0x0000000715e00000| PB 0x0000000715e00000| Untracked |  0
|  87|0x0000000716000000, 0x0000000716000000, 0x0000000716200000|  0%| F|  |TAMS 0x0000000716000000| PB 0x0000000716000000| Untracked |  0
|  88|0x0000000716200000, 0x0000000716200000, 0x0000000716400000|  0%| F|  |TAMS 0x0000000716200000| PB 0x0000000716200000| Untracked |  0
|  89|0x0000000716400000, 0x0000000716400000, 0x0000000716600000|  0%| F|  |TAMS 0x0000000716400000| PB 0x0000000716400000| Untracked |  0
|  90|0x0000000716600000, 0x0000000716600000, 0x0000000716800000|  0%| F|  |TAMS 0x0000000716600000| PB 0x0000000716600000| Untracked |  0
|  91|0x0000000716800000, 0x0000000716800000, 0x0000000716a00000|  0%| F|  |TAMS 0x0000000716800000| PB 0x0000000716800000| Untracked |  0
|  92|0x0000000716a00000, 0x0000000716a00000, 0x0000000716c00000|  0%| F|  |TAMS 0x0000000716a00000| PB 0x0000000716a00000| Untracked |  0
|  93|0x0000000716c00000, 0x0000000716c00000, 0x0000000716e00000|  0%| F|  |TAMS 0x0000000716c00000| PB 0x0000000716c00000| Untracked |  0
|  94|0x0000000716e00000, 0x0000000716e00000, 0x0000000717000000|  0%| F|  |TAMS 0x0000000716e00000| PB 0x0000000716e00000| Untracked |  0
|  95|0x0000000717000000, 0x0000000717000000, 0x0000000717200000|  0%| F|  |TAMS 0x0000000717000000| PB 0x0000000717000000| Untracked |  0
|  96|0x0000000717200000, 0x0000000717200000, 0x0000000717400000|  0%| F|  |TAMS 0x0000000717200000| PB 0x0000000717200000| Untracked |  0
|  97|0x0000000717400000, 0x0000000717400000, 0x0000000717600000|  0%| F|  |TAMS 0x0000000717400000| PB 0x0000000717400000| Untracked |  0
|  98|0x0000000717600000, 0x0000000717600000, 0x0000000717800000|  0%| F|  |TAMS 0x0000000717600000| PB 0x0000000717600000| Untracked |  0
|  99|0x0000000717800000, 0x0000000717800000, 0x0000000717a00000|  0%| F|  |TAMS 0x0000000717800000| PB 0x0000000717800000| Untracked |  0
| 100|0x0000000717a00000, 0x0000000717a00000, 0x0000000717c00000|  0%| F|  |TAMS 0x0000000717a00000| PB 0x0000000717a00000| Untracked |  0
| 101|0x0000000717c00000, 0x0000000717c00000, 0x0000000717e00000|  0%| F|  |TAMS 0x0000000717c00000| PB 0x0000000717c00000| Untracked |  0
| 102|0x0000000717e00000, 0x0000000717e00000, 0x0000000718000000|  0%| F|  |TAMS 0x0000000717e00000| PB 0x0000000717e00000| Untracked |  0
| 103|0x0000000718000000, 0x0000000718000000, 0x0000000718200000|  0%| F|  |TAMS 0x0000000718000000| PB 0x0000000718000000| Untracked |  0
| 104|0x0000000718200000, 0x0000000718200000, 0x0000000718400000|  0%| F|  |TAMS 0x0000000718200000| PB 0x0000000718200000| Untracked |  0
| 105|0x0000000718400000, 0x0000000718400000, 0x0000000718600000|  0%| F|  |TAMS 0x0000000718400000| PB 0x0000000718400000| Untracked |  0
| 106|0x0000000718600000, 0x0000000718600000, 0x0000000718800000|  0%| F|  |TAMS 0x0000000718600000| PB 0x0000000718600000| Untracked |  0
| 107|0x0000000718800000, 0x0000000718800000, 0x0000000718a00000|  0%| F|  |TAMS 0x0000000718800000| PB 0x0000000718800000| Untracked |  0
| 108|0x0000000718a00000, 0x0000000718a00000, 0x0000000718c00000|  0%| F|  |TAMS 0x0000000718a00000| PB 0x0000000718a00000| Untracked |  0
| 109|0x0000000718c00000, 0x0000000718c00000, 0x0000000718e00000|  0%| F|  |TAMS 0x0000000718c00000| PB 0x0000000718c00000| Untracked |  0
| 110|0x0000000718e00000, 0x0000000718e00000, 0x0000000719000000|  0%| F|  |TAMS 0x0000000718e00000| PB 0x0000000718e00000| Untracked |  0
| 111|0x0000000719000000, 0x0000000719000000, 0x0000000719200000|  0%| F|  |TAMS 0x0000000719000000| PB 0x0000000719000000| Untracked |  0
| 112|0x0000000719200000, 0x0000000719200000, 0x0000000719400000|  0%| F|  |TAMS 0x0000000719200000| PB 0x0000000719200000| Untracked |  0
| 113|0x0000000719400000, 0x0000000719400000, 0x0000000719600000|  0%| F|  |TAMS 0x0000000719400000| PB 0x0000000719400000| Untracked |  0
| 114|0x0000000719600000, 0x0000000719600000, 0x0000000719800000|  0%| F|  |TAMS 0x0000000719600000| PB 0x0000000719600000| Untracked |  0
| 115|0x0000000719800000, 0x0000000719800000, 0x0000000719a00000|  0%| F|  |TAMS 0x0000000719800000| PB 0x0000000719800000| Untracked |  0
| 116|0x0000000719a00000, 0x0000000719a00000, 0x0000000719c00000|  0%| F|  |TAMS 0x0000000719a00000| PB 0x0000000719a00000| Untracked |  0
| 117|0x0000000719c00000, 0x0000000719c00000, 0x0000000719e00000|  0%| F|  |TAMS 0x0000000719c00000| PB 0x0000000719c00000| Untracked |  0
| 118|0x0000000719e00000, 0x0000000719e00000, 0x000000071a000000|  0%| F|  |TAMS 0x0000000719e00000| PB 0x0000000719e00000| Untracked |  0
| 119|0x000000071a000000, 0x000000071a000000, 0x000000071a200000|  0%| F|  |TAMS 0x000000071a000000| PB 0x000000071a000000| Untracked |  0
| 120|0x000000071a200000, 0x000000071a200000, 0x000000071a400000|  0%| F|  |TAMS 0x000000071a200000| PB 0x000000071a200000| Untracked |  0
| 121|0x000000071a400000, 0x000000071a400000, 0x000000071a600000|  0%| F|  |TAMS 0x000000071a400000| PB 0x000000071a400000| Untracked |  0
| 122|0x000000071a600000, 0x000000071a7eb870, 0x000000071a800000| 96%| E|  |TAMS 0x000000071a600000| PB 0x000000071a600000| Complete |  0
|1958|0x00000007ffe00000, 0x00000007fff20ff0, 0x0000000800000000| 56%| O|  |TAMS 0x00000007ffe00000| PB 0x00000007ffe00000| Untracked |  0

Card table byte_map: [0x00007f8ee24a4000,0x00007f8ee2c4b000] _byte_map_base: 0x00007f8edec4b000

Marking Bits: (CMBitMap*) 0x000055957ffad2b0
 Bits: [0x00007f8ede76c000, 0x00007f8ee24a4000)

Polling page: 0x00007f8efd851000

Metaspace:
Metaspace        used 61K, committed 128K, reserved 1114112K
 class space     used 2K, committed 64K, reserved 1048576K

Usage:
  Non-class:     59.25 KB used.
      Class:      2.10 KB used.
       Both:     61.35 KB used.

Virtual space:
  Non-class space:       64.00 MB reserved,      64.00 KB ( <1%) committed,  1 nodes.
      Class space:        1.00 GB reserved,      64.00 KB ( <1%) committed,  1 nodes.
             Both:        1.06 GB reserved,     128.00 KB ( <1%) committed. 

Chunk freelists:
   Non-Class:  12.00 MB
       Class:  15.75 MB
        Both:  27.75 MB

MaxMetaspaceSize: unlimited
CompressedClassSpaceSize: 1.00 GB
Initial GC threshold: 21.00 MB
Current GC threshold: 21.00 MB
CDS: on
 - commit_granule_bytes: 65536.
 - commit_granule_words: 8192.
 - virtual_space_node_default_size: 8388608.
 - enlarge_chunks_in_place: 1.
UseCompressedClassPointers 1, UseCompactObjectHeaders 0
Narrow klass pointer bits 32, Max shift 3
Narrow klass base: 0x000000004e000000, Narrow klass shift: 0
Encoding Range: [0x000000004e000000 - 0x000000014e000000), (4294967296 bytes)
Klass Range:    [0x000000004e001000 - 0x000000008f000000), (1090514944 bytes)
Klass ID Range:  [4096 - 1090519033) (1090514937)
Protection zone: [0x000000004e000000 - 0x000000004e001000), (4096 bytes)


Internal statistics:

num_allocs_failed_limit: 0.
num_arena_births: 2.
num_arena_deaths: 0.
num_vsnodes_births: 2.
num_vsnodes_deaths: 0.
num_space_committed: 2.
num_space_uncommitted: 0.
num_chunks_returned_to_freelist: 0.
num_chunks_taken_from_freelist: 2.
num_chunk_merges: 0.
num_chunk_splits: 2.
num_chunks_enlarged: 0.
num_inconsistent_stats: 0.

CodeHeap 'non-profiled nmethods': size=119172Kb used=2Kb max_used=2Kb free=119169Kb
 bounds [0x00007f8eebd9f000, 0x00007f8eec00f000, 0x00007f8ef3200000]
CodeHeap 'profiled nmethods': size=119164Kb used=2Kb max_used=2Kb free=119161Kb
 bounds [0x00007f8ee4200000, 0x00007f8ee4470000, 0x00007f8eeb65f000]
CodeHeap 'non-nmethods': size=7424Kb used=1191Kb max_used=1205Kb free=6232Kb
 bounds [0x00007f8eeb65f000, 0x00007f8eeb8cf000, 0x00007f8eebd9f000]
CodeCache: size=245760Kb, used=1195Kb, max_used=1209Kb, free=244562Kb
 total_blobs=300, nmethods=6, adapters=200, full_count=0
Compilation: enabled, stopped_count=0, restarted_count=0

Compilation events (6 events):
Event: 0.009 Thread 0x000055958006ce40    1       3       java.lang.String::hashCode (60 bytes)
Event: 0.010 Thread 0x000055958006ce40 nmethod 1 0x00007f8ee4200008 code [0x00007f8ee4200100, 0x00007f8ee4200508]
Event: 0.010 Thread 0x000055958006ce40    3       3       java.lang.Object::<init> (1 bytes)
Event: 0.010 Thread 0x000055958006ce40 nmethod 3 0x00007f8ee4200588 code [0x00007f8ee4200680, 0x00007f8ee4200780]
Event: 0.010 Thread 0x000055958006ce40    6       3       java.lang.Byte::toUnsignedInt (6 bytes)
Event: 0.010 Thread 0x000055958006ce40 nmethod 6 0x00007f8ee4200888 code [0x00007f8ee4200980, 0x00007f8ee4200a68]

GC Heap Usage History (0 events):
No events

Metaspace Usage History (0 events):
No events

Dll operation events (2 events):
Event: 0.001 Loaded shared library /usr/lib/jvm/java-25-openjdk/lib/libjava.so
Event: 0.009 Loaded shared library /usr/lib/jvm/java-25-openjdk/lib/libsimdsort.so

Deoptimization events (0 events):
No events

Classes loaded (4 events):
Event: 0.010 Loading class jdk/internal/vm/PostVMInitHook
Event: 0.010 Loading class jdk/internal/vm/PostVMInitHook done
Event: 0.010 Loading class java/io/FileNotFoundException
Event: 0.010 Loading class java/io/FileNotFoundException done

Classes unloaded (0 events):
No events

Classes redefined (0 events):
No events

Internal exceptions (1 events):
Event: 0.010 Thread 0x000055957ff41c40 Exception <a 'java/lang/NoClassDefFoundError'{0x000000071a612280}: com/nexus/core/Nexus> (0x000000071a612280) 
thrown [/usr/src/debug/java-openjdk/jdk25u-jdk-25.0.2-10/src/hotspot/share/classfile/systemDictionary.cpp, line 316]

VM Operations (0 events):
No events

Memory protections (10 events):
Event: 0.001 Protecting memory [0x00007ffd0cf78000,0x00007ffd0cf7c000] with protection modes 0
Event: 0.004 Protecting memory [0x000000004e000000,0x000000004e001000] with protection modes 0
Event: 0.008 Protecting memory [0x00007f8ecedef000,0x00007f8ecedf3000] with protection modes 0
Event: 0.008 Protecting memory [0x00007f8eceef0000,0x00007f8eceef4000] with protection modes 0
Event: 0.008 Protecting memory [0x00007f8ece900000,0x00007f8ece904000] with protection modes 0
Event: 0.008 Protecting memory [0x00007f8ece7ff000,0x00007f8ece803000] with protection modes 0
Event: 0.008 Protecting memory [0x00007f8ece6fe000,0x00007f8ece702000] with protection modes 0
Event: 0.008 Protecting memory [0x00007f8ece5fd000,0x00007f8ece601000] with protection modes 0
Event: 0.008 Protecting memory [0x00007f8ece4fc000,0x00007f8ece500000] with protection modes 0
Event: 0.010 Protecting memory [0x00007f8ece3fb000,0x00007f8ece3ff000] with protection modes 0

Nmethod flushes (0 events):
No events

Events (9 events):
Event: 0.005 Thread 0x000055957ff41c40 Thread added: 0x000055957ff41c40
Event: 0.008 Thread 0x000055957ff41c40 Thread added: 0x00005595800640f0
Event: 0.008 Thread 0x000055957ff41c40 Thread added: 0x0000559580065130
Event: 0.008 Thread 0x000055957ff41c40 Thread added: 0x0000559580066540
Event: 0.008 Thread 0x000055957ff41c40 Thread added: 0x0000559580067d20
Event: 0.008 Thread 0x000055957ff41c40 Thread added: 0x00005595800695b0
Event: 0.008 Thread 0x000055957ff41c40 Thread added: 0x000055958006b440
Event: 0.008 Thread 0x000055957ff41c40 Thread added: 0x000055958006ce40
Event: 0.010 Thread 0x000055957ff41c40 Thread added: 0x0000559580079a70


Dynamic libraries:
4e000000-4e001000 ---p 00000000 00:00 0 
4e001000-4ed8d000 rw-p 00001000 103:03 23494223                          /usr/lib/jvm/java-25-openjdk/lib/server/classes.jsa
4ed8d000-4f000000 ---p 00000000 00:00 0 
4f000000-4f010000 rw-p 00000000 00:00 0 
4f010000-8f000000 ---p 00000000 00:00 0 
70b200000-71a800000 rw-p 00000000 00:00 0 
71a800000-7ffe00000 ---p 00000000 00:00 0 
7ffe00000-7fff21000 rw-p 00dc0000 103:03 23494223                        /usr/lib/jvm/java-25-openjdk/lib/server/classes.jsa
7fff21000-800000000 rw-p 00000000 00:00 0 
55955bb10000-55955bb11000 r--p 00000000 103:03 16300036                  /home/sammy/projects/personal/nexus/Example/c_adapter
55955bb11000-55955bb12000 r-xp 00001000 103:03 16300036                  /home/sammy/projects/personal/nexus/Example/c_adapter
55955bb12000-55955bb13000 r--p 00002000 103:03 16300036                  /home/sammy/projects/personal/nexus/Example/c_adapter
55955bb13000-55955bb14000 r--p 00002000 103:03 16300036                  /home/sammy/projects/personal/nexus/Example/c_adapter
55955bb14000-55955bb15000 rw-p 00003000 103:03 16300036                  /home/sammy/projects/personal/nexus/Example/c_adapter
55957ff14000-5595800b9000 rw-p 00000000 00:00 0                          [heap]
7f8e94000000-7f8e94021000 rw-p 00000000 00:00 0 
7f8e94021000-7f8e98000000 ---p 00000000 00:00 0 
7f8e9c000000-7f8e9c072000 rw-p 00000000 00:00 0 
7f8e9c072000-7f8ea0000000 ---p 00000000 00:00 0 
7f8ea0000000-7f8ea0034000 rw-p 00000000 00:00 0 
7f8ea0034000-7f8ea4000000 ---p 00000000 00:00 0 
7f8ea4000000-7f8ea4021000 rw-p 00000000 00:00 0 
7f8ea4021000-7f8ea8000000 ---p 00000000 00:00 0 
7f8ea8000000-7f8ea8021000 rw-p 00000000 00:00 0 
7f8ea8021000-7f8eac000000 ---p 00000000 00:00 0 
7f8eac000000-7f8eac010000 rw-p 00000000 00:00 0 
7f8eac010000-7f8eb0000000 ---p 00000000 00:00 0 
7f8eb0000000-7f8eb0021000 rw-p 00000000 00:00 0 
7f8eb0021000-7f8eb4000000 ---p 00000000 00:00 0 
7f8eb4000000-7f8eb4021000 rw-p 00000000 00:00 0 
7f8eb4021000-7f8eb8000000 ---p 00000000 00:00 0 
7f8eb8000000-7f8eb8021000 rw-p 00000000 00:00 0 
7f8eb8021000-7f8ebc000000 ---p 00000000 00:00 0 
7f8ebc000000-7f8ebc021000 rw-p 00000000 00:00 0 
7f8ebc021000-7f8ec0000000 ---p 00000000 00:00 0 
7f8ec0000000-7f8ec0021000 rw-p 00000000 00:00 0 
7f8ec0021000-7f8ec4000000 ---p 00000000 00:00 0 
7f8ec4000000-7f8ec4021000 rw-p 00000000 00:00 0 
7f8ec4021000-7f8ec8000000 ---p 00000000 00:00 0 
7f8ec8000000-7f8ec8021000 rw-p 00000000 00:00 0 
7f8ec8021000-7f8ecc000000 ---p 00000000 00:00 0 
7f8ece3fa000-7f8ece3fb000 rw-p 00000000 00:00 0 
7f8ece3fb000-7f8ece3ff000 ---p 00000000 00:00 0 
7f8ece3ff000-7f8ece4fc000 rw-p 00000000 00:00 0 
7f8ece4fc000-7f8ece500000 ---p 00000000 00:00 0 
7f8ece500000-7f8ece5fd000 rw-p 00000000 00:00 0 
7f8ece5fd000-7f8ece601000 ---p 00000000 00:00 0 
7f8ece601000-7f8ece6fe000 rw-p 00000000 00:00 0 
7f8ece6fe000-7f8ece702000 ---p 00000000 00:00 0 
7f8ece702000-7f8ece7ff000 rw-p 00000000 00:00 0 
7f8ece7ff000-7f8ece803000 ---p 00000000 00:00 0 
7f8ece803000-7f8ece900000 rw-p 00000000 00:00 0 
7f8ece900000-7f8ece904000 ---p 00000000 00:00 0 
7f8ece904000-7f8ecea00000 rw-p 00000000 00:00 0 
7f8ecea00000-7f8ececee000 r--p 00000000 103:03 22689907                  /usr/lib/locale/locale-archive
7f8ecedee000-7f8ecedef000 rw-p 00000000 00:00 0 
7f8ecedef000-7f8ecedf3000 ---p 00000000 00:00 0 
7f8ecedf3000-7f8eceef0000 rw-p 00000000 00:00 0 
7f8eceef0000-7f8eceef4000 ---p 00000000 00:00 0 
7f8eceef4000-7f8ecf3f4000 rw-p 00000000 00:00 0 
7f8ecf3f4000-7f8ed0021000 rw-p 00000000 00:00 0 
7f8ed0021000-7f8ed4000000 ---p 00000000 00:00 0 
7f8ed4000000-7f8ed4021000 rw-p 00000000 00:00 0 
7f8ed4021000-7f8ed8000000 ---p 00000000 00:00 0 
7f8ed8000000-7f8ed8021000 rw-p 00000000 00:00 0 
7f8ed8021000-7f8edc000000 ---p 00000000 00:00 0 
7f8edc03a000-7f8edc03b000 r--p 00000000 103:03 23494210                  /usr/lib/jvm/java-25-openjdk/lib/libsimdsort.so
7f8edc03b000-7f8edc076000 r-xp 00001000 103:03 23494210                  /usr/lib/jvm/java-25-openjdk/lib/libsimdsort.so
7f8edc076000-7f8edc07c000 r--p 0003c000 103:03 23494210                  /usr/lib/jvm/java-25-openjdk/lib/libsimdsort.so
7f8edc07c000-7f8edc07d000 r--p 00041000 103:03 23494210                  /usr/lib/jvm/java-25-openjdk/lib/libsimdsort.so
7f8edc07d000-7f8edc07e000 rw-p 00042000 103:03 23494210                  /usr/lib/jvm/java-25-openjdk/lib/libsimdsort.so
7f8edc07e000-7f8ede200000 rw-p 00000000 00:00 0 
7f8ede210000-7f8ede3ad000 rw-p 00000000 00:00 0 
7f8ede3ad000-7f8ede6b0000 rw-p 00000000 00:00 0 
7f8ede6b0000-7f8edeb44000 rw-p 00000000 00:00 0 
7f8edeb44000-7f8ee249c000 ---p 00000000 00:00 0 
7f8ee249c000-7f8ee251f000 rw-p 00000000 00:00 0 
7f8ee251f000-7f8ee2c4a000 ---p 00000000 00:00 0 
7f8ee2c4a000-7f8ee2cc6000 rw-p 00000000 00:00 0 
7f8ee2cc6000-7f8ee33f1000 ---p 00000000 00:00 0 
7f8ee33f1000-7f8ee4200000 rw-p 00000000 00:00 0 
7f8ee4200000-7f8ee4470000 rwxp 00000000 00:00 0 
7f8ee4470000-7f8eeb65f000 ---p 00000000 00:00 0 
7f8eeb65f000-7f8eeb8cf000 rwxp 00000000 00:00 0 
7f8eeb8cf000-7f8eebd9f000 ---p 00000000 00:00 0 
7f8eebd9f000-7f8eec00f000 rwxp 00000000 00:00 0 
7f8eec00f000-7f8ef3200000 ---p 00000000 00:00 0 
7f8ef3200000-7f8efbdda000 r--s 00000000 103:03 23494215                  /usr/lib/jvm/java-25-openjdk/lib/modules
7f8efbe01000-7f8efbe06000 rw-p 00000000 00:00 0 
7f8efbe06000-7f8efbeea000 ---p 00000000 00:00 0 
7f8efbeea000-7f8efbeef000 rw-p 00000000 00:00 0 
7f8efbeef000-7f8efbfd3000 ---p 00000000 00:00 0 
7f8efbfd3000-7f8efbfd7000 r--p 00000000 103:03 22584360                  /usr/lib/libgcc_s.so.1
7f8efbfd7000-7f8efbffa000 r-xp 00004000 103:03 22584360                  /usr/lib/libgcc_s.so.1
7f8efbffa000-7f8efbffe000 r--p 00027000 103:03 22584360                  /usr/lib/libgcc_s.so.1
7f8efbffe000-7f8efbfff000 r--p 0002a000 103:03 22584360                  /usr/lib/libgcc_s.so.1
7f8efbfff000-7f8efc000000 rw-p 0002b000 103:03 22584360                  /usr/lib/libgcc_s.so.1
7f8efc000000-7f8efc097000 r--p 00000000 103:03 22584361                  /usr/lib/libstdc++.so.6.0.34
7f8efc097000-7f8efc1ec000 r-xp 00097000 103:03 22584361                  /usr/lib/libstdc++.so.6.0.34
7f8efc1ec000-7f8efc27e000 r--p 001ec000 103:03 22584361                  /usr/lib/libstdc++.so.6.0.34
7f8efc27e000-7f8efc28f000 r--p 0027e000 103:03 22584361                  /usr/lib/libstdc++.so.6.0.34
7f8efc28f000-7f8efc290000 rw-p 0028f000 103:03 22584361                  /usr/lib/libstdc++.so.6.0.34
7f8efc290000-7f8efc294000 rw-p 00000000 00:00 0 
7f8efc2aa000-7f8efc2ba000 r--p 00000000 103:03 22555482                  /usr/lib/libm.so.6
7f8efc2ba000-7f8efc351000 r-xp 00010000 103:03 22555482                  /usr/lib/libm.so.6
7f8efc351000-7f8efc3c6000 r--p 000a7000 103:03 22555482                  /usr/lib/libm.so.6
7f8efc3c6000-7f8efc3c7000 r--p 0011b000 103:03 22555482                  /usr/lib/libm.so.6
7f8efc3c7000-7f8efc3c8000 rw-p 0011c000 103:03 22555482                  /usr/lib/libm.so.6
7f8efc3c8000-7f8efc3ec000 r--p 00000000 103:03 22555466                  /usr/lib/libc.so.6
7f8efc3ec000-7f8efc55d000 r-xp 00024000 103:03 22555466                  /usr/lib/libc.so.6
7f8efc55d000-7f8efc5ab000 r--p 00195000 103:03 22555466                  /usr/lib/libc.so.6
7f8efc5ab000-7f8efc5af000 r--p 001e2000 103:03 22555466                  /usr/lib/libc.so.6
7f8efc5af000-7f8efc5b1000 rw-p 001e6000 103:03 22555466                  /usr/lib/libc.so.6
7f8efc5b1000-7f8efc5b9000 rw-p 00000000 00:00 0 
7f8efc5d1000-7f8efc5d6000 rw-p 00000000 00:00 0 
7f8efc5d6000-7f8efc5e0000 ---p 00000000 00:00 0 
7f8efc5e0000-7f8efc5ea000 r--p 00000000 103:03 23494189                  /usr/lib/jvm/java-25-openjdk/lib/libjava.so
7f8efc5ea000-7f8efc5f8000 r-xp 0000a000 103:03 23494189                  /usr/lib/jvm/java-25-openjdk/lib/libjava.so
7f8efc5f8000-7f8efc5fd000 r--p 00018000 103:03 23494189                  /usr/lib/jvm/java-25-openjdk/lib/libjava.so
7f8efc5fd000-7f8efc5fe000 r--p 0001d000 103:03 23494189                  /usr/lib/jvm/java-25-openjdk/lib/libjava.so
7f8efc5fe000-7f8efc5ff000 rw-p 0001e000 103:03 23494189                  /usr/lib/jvm/java-25-openjdk/lib/libjava.so
7f8efc5ff000-7f8efc600000 rw-p 00000000 00:00 0 
7f8efc600000-7f8efc60e000 r--p 00000000 103:03 23494228                  /usr/lib/jvm/java-25-openjdk/lib/server/libjvm.so
7f8efc60e000-7f8efd4a0000 r-xp 0000e000 103:03 23494228                  /usr/lib/jvm/java-25-openjdk/lib/server/libjvm.so
7f8efd4a0000-7f8efd6b8000 r--p 00ea0000 103:03 23494228                  /usr/lib/jvm/java-25-openjdk/lib/server/libjvm.so
7f8efd6b8000-7f8efd79e000 r--p 010b8000 103:03 23494228                  /usr/lib/jvm/java-25-openjdk/lib/server/libjvm.so
7f8efd79e000-7f8efd7c3000 rw-p 0119e000 103:03 23494228                  /usr/lib/jvm/java-25-openjdk/lib/server/libjvm.so
7f8efd7c3000-7f8efd83e000 rw-p 00000000 00:00 0 
7f8efd842000-7f8efd849000 r--s 00000000 103:03 22690959                  /usr/lib/gconv/gconv-modules.cache
7f8efd849000-7f8efd851000 rw-s 00000000 00:27 489                        /tmp/hsperfdata_sammy/20017
7f8efd851000-7f8efd852000 ---p 00000000 00:00 0 
7f8efd852000-7f8efd853000 r--p 00000000 00:00 0 
7f8efd853000-7f8efd854000 ---p 00000000 00:00 0 
7f8efd854000-7f8efd855000 r--p 00000000 103:03 23494193                  /usr/lib/jvm/java-25-openjdk/lib/libjimage.so
7f8efd855000-7f8efd857000 r-xp 00001000 103:03 23494193                  /usr/lib/jvm/java-25-openjdk/lib/libjimage.so
7f8efd857000-7f8efd858000 r--p 00003000 103:03 23494193                  /usr/lib/jvm/java-25-openjdk/lib/libjimage.so
7f8efd858000-7f8efd859000 r--p 00003000 103:03 23494193                  /usr/lib/jvm/java-25-openjdk/lib/libjimage.so
7f8efd859000-7f8efd85a000 rw-p 00004000 103:03 23494193                  /usr/lib/jvm/java-25-openjdk/lib/libjimage.so
7f8efd85a000-7f8efd861000 rw-p 00000000 00:00 0 
7f8efd861000-7f8efd865000 r--p 00000000 00:00 0                          [vvar]
7f8efd865000-7f8efd867000 r--p 00000000 00:00 0                          [vvar_vclock]
7f8efd867000-7f8efd869000 r-xp 00000000 00:00 0                          [vdso]
7f8efd869000-7f8efd86a000 r--p 00000000 103:03 22555450                  /usr/lib/ld-linux-x86-64.so.2
7f8efd86a000-7f8efd894000 r-xp 00001000 103:03 22555450                  /usr/lib/ld-linux-x86-64.so.2
7f8efd894000-7f8efd89f000 r--p 0002b000 103:03 22555450                  /usr/lib/ld-linux-x86-64.so.2
7f8efd89f000-7f8efd8a1000 r--p 00036000 103:03 22555450                  /usr/lib/ld-linux-x86-64.so.2
7f8efd8a1000-7f8efd8a2000 rw-p 00038000 103:03 22555450                  /usr/lib/ld-linux-x86-64.so.2
7f8efd8a2000-7f8efd8a3000 rw-p 00000000 00:00 0 
7ffd0cf78000-7ffd0cf7c000 ---p 00000000 00:00 0 
7ffd0cf7c000-7ffd0d078000 rw-p 00000000 00:00 0                          [stack]
ffffffffff600000-ffffffffff601000 --xp 00000000 00:00 0                  [vsyscall]
Total number of mappings: 151

JVMTI agents: none


VM Arguments:
java_command: <unknown>
java_class_path (initial): ../../app/build/classes/java/main
Launcher Type: generic

[Global flags]
     intx CICompilerCount                          = 12                                        {product} {ergonomic}
     uint ConcGCThreads                            = 4                                         {product} {ergonomic}
     uint G1ConcRefinementThreads                  = 14                                        {product} {ergonomic}
   size_t G1HeapRegionSize                         = 2097152                                   {product} {ergonomic}
   size_t InitialHeapSize                          = 257949696                                 {product} {ergonomic}
   size_t MarkStackSize                            = 4194304                                   {product} {ergonomic}
   size_t MarkStackSizeMax                         = 536870912                                 {product} {ergonomic}
   size_t MaxHeapSize                              = 4108320768                                {product} {ergonomic}
   size_t MaxNewSize                               = 2464153600                                {product} {ergonomic}
   size_t MinHeapDeltaBytes                        = 2097152                                   {product} {ergonomic}
   size_t MinHeapSize                              = 8388608                                   {product} {ergonomic}
    uintx NonNMethodCodeHeapSize                   = 7602176                                {pd product} {ergonomic}
    uintx NonProfiledCodeHeapSize                  = 122032128                              {pd product} {ergonomic}
    uintx ProfiledCodeHeapSize                     = 122023936                              {pd product} {ergonomic}
    uintx ReservedCodeCacheSize                    = 251658240                              {pd product} {ergonomic}
     bool SegmentedCodeCache                       = true                                      {product} {ergonomic}
   size_t SoftMaxHeapSize                          = 4108320768                             {manageable} {ergonomic}
     bool UseCompressedOops                        = true                           {product lp64_product} {ergonomic}
     bool UseG1GC                                  = true                                      {product} {ergonomic}

Logging:
Log output configuration:
 #0: stdout all=warning uptime,level,tags foldmultilines=false
 #1: stderr all=off uptime,level,tags foldmultilines=false

Release file:
<release file has not been read>
Environment Variables:
JAVA_HOME=/usr/lib/jvm/java-25-openjdk
PATH=/usr/local/sbin:/usr/local/bin:/usr/sbin:/usr/bin:/sbin:/bin:/home/sammy/scripts:/home/sammy/scripts/newproj:/home/sammy/gems/bin:/home/sammy/.nix-profile/bin:/opt/cuda/bin:/usr/lib/jvm/java-25-openjdk/bin:/home/sammy/.cargo/bin:/home/linuxbrew/.linuxbrew/bin:/home/linuxbrew/.linuxbrew/sbin:/home/sammy/.local/bin:/home/sammy/bin:/home/sammy/.nix-profile/bin:/nix/var/nix/profiles/default/bin:/usr/local/sbin:/usr/local/bin:/usr/bin:/opt/android-ndk:/opt/cuda/bin:/usr/lib/jvm/default/bin:/usr/bin/site_perl:/usr/bin/vendor_perl:/usr/bin/core_perl:/home/linuxbrew/.linuxbrew/Cellar/go/1.23.4/libexec/bin:/home/sammy/go/bin
LD_LIBRARY_PATH=/opt/cuda/lib64:
SHELL=/usr/bin/zsh
DISPLAY=:1
WAYLAND_DISPLAY=wayland-1
LANG=en_US.UTF-8
TERM=xterm-kitty

Active Locale:
LC_ALL=en_US.UTF-8
LC_COLLATE=en_US.UTF-8
LC_CTYPE=en_US.UTF-8
LC_MESSAGES=en_US.UTF-8
LC_MONETARY=en_US.UTF-8
LC_NUMERIC=en_US.UTF-8
LC_TIME=en_US.UTF-8

Signal Handlers:
   SIGSEGV: 0x00007f8efd3cc2a0 in libjvm.so+14467744, mask=11100100010111111101111111111110, flags=SA_RESTART|SA_SIGINFO, unblocked
    SIGBUS: 0x00007f8efd3cc2a0 in libjvm.so+14467744, mask=11100100010111111101111111111110, flags=SA_RESTART|SA_SIGINFO, unblocked
    SIGFPE: 0x00007f8efd3cc2a0 in libjvm.so+14467744, mask=11100100010111111101111111111110, flags=SA_RESTART|SA_SIGINFO, unblocked
   SIGPIPE: 0x00007f8efd2688b0 in libjvm.so+13011120, mask=11100100010111111101111111111110, flags=SA_RESTART|SA_SIGINFO, blocked
   SIGXFSZ: 0x00007f8efd2688b0 in libjvm.so+13011120, mask=11100100010111111101111111111110, flags=SA_RESTART|SA_SIGINFO, blocked
    SIGILL: 0x00007f8efd3cc2a0 in libjvm.so+14467744, mask=11100100010111111101111111111110, flags=SA_RESTART|SA_SIGINFO, unblocked
   SIGUSR2: 0x00007f8efd26a010 in libjvm.so+13017104, mask=00000000000000000000000000000000, flags=SA_RESTART|SA_SIGINFO, blocked
    SIGHUP: 0x00007f8efd254a20 in libjvm.so+12929568, mask=11100100010111111101111111111110, flags=SA_RESTART|SA_SIGINFO, blocked
    SIGINT: 0x00007f8efd254a20 in libjvm.so+12929568, mask=11100100010111111101111111111110, flags=SA_RESTART|SA_SIGINFO, blocked
   SIGTERM: 0x00007f8efd254a20 in libjvm.so+12929568, mask=11100100010111111101111111111110, flags=SA_RESTART|SA_SIGINFO, blocked
   SIGQUIT: 0x00007f8efd254a20 in libjvm.so+12929568, mask=11100100010111111101111111111110, flags=SA_RESTART|SA_SIGINFO, blocked
   SIGTRAP: 0x00007f8efd3cc2a0 in libjvm.so+14467744, mask=11100100010111111101111111111110, flags=SA_RESTART|SA_SIGINFO, unblocked


Compilation memory statistics disabled.

Periodic native trim disabled

---------------  S Y S T E M  ---------------

OS:
DISTRIB_ID="EndeavourOS"
DISTRIB_RELEASE="rolling"
DISTRIB_DESCRIPTION="EndeavourOS Linux"
DISTRIB_CODENAME="rolling"
uname: Linux 6.18.9-zen1-2-zen #1 ZEN SMP PREEMPT_DYNAMIC Mon, 09 Feb 2026 17:45:06 +0000 x86_64
OS uptime: 0 days 1:28 hours
libc: glibc 2.43 NPTL 2.43 
rlimit (soft/hard): STACK 8192k/infinity , CORE infinity/infinity , NPROC 62196/62196 , NOFILE 524288/524288 , AS infinity/infinity , CPU infinity/infinity , DATA infinity/infinity , FSIZE infinity/infinity , MEMLOCK 8192k/8192k
load average: 0.89 0.82 0.70

/proc/meminfo:
MemTotal:       16043092 kB
MemFree:         6675748 kB
MemAvailable:    9645680 kB
Buffers:          264744 kB
Cached:          3291380 kB
SwapCached:            0 kB
Active:          6366136 kB
Inactive:        1891816 kB
Active(anon):    5107064 kB
Inactive(anon):        0 kB
Active(file):    1259072 kB
Inactive(file):  1891816 kB
Unevictable:      204868 kB
Mlocked:              16 kB
SwapTotal:             0 kB
SwapFree:              0 kB
Zswap:                 0 kB
Zswapped:              0 kB
Dirty:              1332 kB
Writeback:           256 kB
AnonPages:       4882284 kB
Mapped:          1140576 kB
Shmem:            405460 kB
KReclaimable:     154500 kB
Slab:             310932 kB
SReclaimable:     154500 kB
SUnreclaim:       156432 kB
KernelStack:       21816 kB
PageTables:        66048 kB
SecPageTables:      2084 kB
NFS_Unstable:          0 kB
Bounce:                0 kB
WritebackTmp:          0 kB
CommitLimit:     8021544 kB
Committed_AS:   27069740 kB
VmallocTotal:   34359738367 kB
VmallocUsed:      121260 kB
VmallocChunk:          0 kB
Percpu:            15552 kB
HardwareCorrupted:     0 kB
AnonHugePages:    995328 kB
ShmemHugePages:   190464 kB
ShmemPmdMapped:        0 kB
FileHugePages:    458752 kB
FilePmdMapped:    321536 kB
CmaTotal:              0 kB
CmaFree:               0 kB
Unaccepted:            0 kB
Balloon:               0 kB
HugePages_Total:       0
HugePages_Free:        0
HugePages_Rsvd:        0
HugePages_Surp:        0
Hugepagesize:       2048 kB
Hugetlb:               0 kB
DirectMap4k:      697432 kB
DirectMap2M:     9465856 kB
DirectMap1G:     7340032 kB

/sys/kernel/mm/transparent_hugepage/enabled: [always] madvise never
/sys/kernel/mm/transparent_hugepage/hpage_pmd_size: 2097152
/sys/kernel/mm/transparent_hugepage/shmem_enabled: always within_size advise [never] deny force
/sys/kernel/mm/transparent_hugepage/defrag (defrag/compaction efforts parameter): always defer [defer+madvise] madvise never

Process Memory:
Virtual Size: 6704832K (peak: 6770204K)
Resident Set Size: 43840K (peak: 43840K) (anon: 22180K, file: 21628K, shmem: 32K)
Swapped out: 0K
C-Heap outstanding allocations: 32182K, retained: 1805K
glibc malloc tunables: (default)

/proc/sys/kernel/threads-max (system-wide limit on the number of threads): 124392
/proc/sys/vm/max_map_count (maximum number of memory map areas a process may have): 1048576
/proc/sys/vm/swappiness (control to define how aggressively the kernel swaps out anonymous memory): 60
/proc/sys/kernel/pid_max (system-wide limit on number of process identifiers): 4194304

container information not found.
Steal ticks since vm start: 0
Steal ticks percentage since vm start:  0.000

CPU: total 19 (initial active 19) (10 cores per cpu, 2 threads per core) family 6 model 183 stepping 1 microcode 0x133, cx8, cmov, fxsr, ht, mmx, 3dnowpref, sse, sse2, sse3, ssse3, sse4.1, sse4.2, popcnt, lzcnt, tsc, tscinvbit, avx, avx2, aes, erms, clmul, bmi1, bmi2, adx, sha, fma, vzeroupper, clflush, clflushopt, clwb, serialize, rdtscp, rdpid, fsrm, gfni, f16c, pku, ospke, cet_ibt, cet_ss
CPU Model and flags from /proc/cpuinfo:
model name	: 13th Gen Intel(R) Core(TM) i7-13650HX
flags		: fpu vme de pse tsc msr pae mce cx8 apic sep mtrr pge mca cmov pat pse36 clflush dts acpi mmx fxsr sse sse2 ss ht tm pbe syscall nx pdpe1gb rdtscp lm constant_tsc art arch_perfmon pebs bts rep_good nopl xtopology nonstop_tsc cpuid aperfmperf tsc_known_freq pni pclmulqdq dtes64 monitor ds_cpl vmx est tm2 ssse3 sdbg fma cx16 xtpr pdcm pcid sse4_1 sse4_2 x2apic movbe popcnt tsc_deadline_timer aes xsave avx f16c rdrand lahf_lm abm 3dnowprefetch cpuid_fault epb ssbd ibrs ibpb stibp ibrs_enhanced tpr_shadow flexpriority ept vpid ept_ad fsgsbase tsc_adjust bmi1 avx2 smep bmi2 erms invpcid rdseed adx smap clflushopt clwb intel_pt sha_ni xsaveopt xsavec xgetbv1 xsaves split_lock_detect user_shstk avx_vnni dtherm ida arat pln pts hwp hwp_notify hwp_act_window hwp_epp hwp_pkg_req hfi vnmi umip pku ospke waitpkg gfni vaes vpclmulqdq rdpid movdiri movdir64b fsrm md_clear serialize arch_lbr ibt flush_l1d arch_capabilities

Online cpus: 0-18
Offline cpus: 
BIOS frequency limitation: <Not Available>
Frequency switch latency (ns): 0
Available cpu frequencies: <Not Available>
Current governor: powersave
Core performance/turbo boost: <Not Available>

Memory: 4k page, physical 16043092k(9645680k free), swap 0k(0k free)
Page Sizes: 4k

vm_info: OpenJDK 64-Bit Server VM (25.0.2) for linux-amd64 JRE (25.0.2), built on 2026-01-21T09:22:58Z with gcc 15.2.1 20260103

END.
