#
# A fatal error has been detected by the Java Runtime Environment:
#
#  SIGSEGV (0xb) at pc=0x00007fb7125298fd, pid=25451, tid=25451
#
# JRE version: OpenJDK Runtime Environment (25.0.2) (build 25.0.2)
# Java VM: OpenJDK 64-Bit Server VM (25.0.2, mixed mode, sharing, tiered, compressed oops, compressed class ptrs, g1 gc, linux-amd64)
# Problematic frame:
# V  [libjvm.so+0x7298fd]
#
# Core dump will be written. Default location: Core dumps may be processed with "/usr/lib/systemd/systemd-coredump %P %u %g %s %t %c %h %d %F" (or dumping to /home/sammy/projects/personal/nexus/Example/core.25451)
#
# If you would like to submit a bug report, please visit:
#   https://bugreport.java.com/bugreport/crash.jsp
#

---------------  S U M M A R Y ------------

Command Line: 

Host: 13th Gen Intel(R) Core(TM) i7-13650HX, 19 cores, 15G, EndeavourOS Linux
Time: Tue Feb 24 17:08:17 2026 IST elapsed time: 0.013688 seconds (0d 0h 0m 0s)

---------------  T H R E A D  ---------------

Current thread (0x000055bdcc9cbc40):  JavaThread "main"             [_thread_in_vm, id=25451, stack(0x00007ffcece79000,0x00007ffcecf79000) (1024K)]

Stack: [0x00007ffcece79000,0x00007ffcecf79000],  sp=0x00007ffcecf75100,  free space=1008k
Native frames: (J=compiled Java code, j=interpreted, Vv=VM code, C=native code)
V  [libjvm.so+0x7298fd]
V  [libjvm.so+0x729d42]
C  [c_adapter+0x1220]  nexus_init+0xa7
C  [c_adapter+0x1436]  main+0x2a
C  [libc.so.6+0x276c1]
C  [libc.so.6+0x277f9]  __libc_start_main+0x89

siginfo: si_signo: 11 (SIGSEGV), si_code: 1 (SEGV_MAPERR), si_addr: 0x0000000000000000

Registers:
RAX=0x0000000000000000, RBX=0x000000009c4aea78, RCX=0x0000000000009b75, RDX=0x0000000000000000
RSP=0x00007ffcecf75100, RBP=0x00007ffcecf75290, RSI=0x000055bda7cff051, RDI=0x000000009c4b158e
R8 =0x000000009cd41ff0, R9 =0x000000009c4b1588, R10=0x0000000000000003, R11=0x000000009cd42008
R12=0x000000009c4b1588, R13=0x000055bda7cff055, R14=0x000055bdcc9cbc40, R15=0x000055bda7d00db8
RIP=0x00007fb7125298fd, EFLAGS=0x0000000000010293, CSGSFS=0x002b000000000033, ERR=0x0000000000000004
  TRAPNO=0x000000000000000e

XMM[0]=0x0000000000000000 0x0000000000000000
XMM[1]=0x0000000000ff0000 0x00000000ff000000
XMM[2]=0x0000000000000000 0x00000000ffffffff
XMM[3]=0x7379732f656c6966 0x7373616c632f6572
XMM[4]=0x72616e6f69746369 0x446d65747379732f
XMM[5]=0x746f7073746f682f 0x6372732f30312d32
XMM[6]=0x2f6b646a6e65706f 0x2d6176616a2f6775
XMM[7]=0x6f7268740a202930 0x3832323136613137
XMM[8]=0x0000000000000000 0x0000000000000000
XMM[9]=0x0000000000000000 0x0000000000000000
XMM[10]=0x0000000000000000 0x0000000000000000
XMM[11]=0x9999999999999999 0x9999999999999999
XMM[12]=0x2020202020202020 0x2020202020202020
XMM[13]=0x0000000000ff00fb 0x0000000000fe00fa
XMM[14]=0x0000000000000000 0x0000000000000000
XMM[15]=0x0000000000000000 0x0000000000000000
  MXCSR=0x00001fa2


Register to memory mapping:

RAX=0x0 is null
RBX=0x000000009c4aea78 is pointing into metadata
RCX=0x0000000000009b75 is an unknown value
RDX=0x0 is null
RSP=0x00007ffcecf75100 is pointing into the stack for thread: 0x000055bdcc9cbc40
RBP=0x00007ffcecf75290 is pointing into the stack for thread: 0x000055bdcc9cbc40
RSI=0x000055bda7cff051: <offset 0x0000000000002051> in ./c_adapter at 0x000055bda7cfd000
RDI=0x000000009c4b158e is pointing into metadata
R8 =0x000000009cd41ff0 is pointing into metadata
R9 =0x000000009c4b1588 is pointing into metadata
R10=0x0000000000000003 is an unknown value
R11=0x000000009cd42008 is pointing into metadata
R12=0x000000009c4b1588 is pointing into metadata
R13=0x000055bda7cff055: <offset 0x0000000000002055> in ./c_adapter at 0x000055bda7cfd000
R14=0x000055bdcc9cbc40 is a thread
R15=0x000055bda7d00db8: <offset 0x0000000000003db8> in ./c_adapter at 0x000055bda7cfd000

Top of Stack: (sp=0x00007ffcecf75100)
0x00007ffcecf75100:   0000000000000074 000000000000006f   t.......o.......
0x00007ffcecf75110:   000055bda7cff051 0000000000000000   Q....U..........
0x00007ffcecf75120:   0000000000000000 000055bdcc9b6258   ........Xb...U..
0x00007ffcecf75130:   00000000000000e3 0000000000000200   ................
0x00007ffcecf75140:   000055bdcc9cdf01 00007ffcecf750f0   .....U...P......
0x00007ffcecf75150:   00007ffc00009b75 0000000800000002   u...............
0x00007ffcecf75160:   0000000000000001 0000000000000000   ................
0x00007ffcecf75170:   000055bdcc9cd8c0 000055bdcc9cd880   .....U.......U..
0x00007ffcecf75180:   0000000000000001 000055bdcc9cbc40   ........@....U..
0x00007ffcecf75190:   000055bdcc9cdd20 0000000000000000    ....U..........
0x00007ffcecf751a0:   000055bdcc9cd8d8 000000009c4ac610   .....U....J.....
0x00007ffcecf751b0:   00007ffcecf75220 00007fb712b05994    R.......Y......
0x00007ffcecf751c0:   000055bdcc9cd880 000055bdcc9cd880   .....U.......U..
0x00007ffcecf751d0:   000055bdcc9cd880 000055bdcc9cd8c0   .....U.......U..
0x00007ffcecf751e0:   000055bdcc9cd8d8 000055bdcc9cdcb0   .....U.......U..
0x00007ffcecf751f0:   00000000000003d8 000055bdcc9cbc40   ........@....U..
0x00007ffcecf75200:   000055bdcc9cbc40 0000000000000001   @....U..........
0x00007ffcecf75210:   0000000000000001 000055bdccb05568   ........hU...U..
0x00007ffcecf75220:   00007ffcecf75260 00007fb71258cf3a   `R......:.X.....
0x00007ffcecf75230:   0000000000000000 000055bdccb05568   ........hU...U..
0x00007ffcecf75240:   000055bdcc9cbc40 0000000000000000   @....U..........
0x00007ffcecf75250:   0000000000000000 00007fb71319e000   ................
0x00007ffcecf75260:   00007ffcecf752e0 000055bdcc9cbc40   .R......@....U..
0x00007ffcecf75270:   0000000000000000 000055bda7cff055   ........U....U..
0x00007ffcecf75280:   000055bda7cff051 000055bda7d00db8   Q....U.......U..
0x00007ffcecf75290:   00007ffcecf752e0 00007fb712529d42   .R......B.R.....
0x00007ffcecf752a0:   000055bdcc9cbc40 000055bdcc9cdd18   @....U.......U..
0x00007ffcecf752b0:   676665640000013c 00007fb712d04f90   <...defg.O......
0x00007ffcecf752c0:   0000000000000000 00007ffcecf754d8   .........T......
0x00007ffcecf752d0:   0000000000000001 00007fb71319e000   ................
0x00007ffcecf752e0:   00007ffcecf75360 000055bda7cfe220   `S...... ....U..
0x00007ffcecf752f0:   00007ffcecf75380 00007ffcecf75378   .S......xS......

Instructions: (pc=0x00007fb7125298fd)
  0x00007fb7125297fd:   ff 66 90 48 83 fe ff 74 19 48 89 b5 78 ff ff ff
  0x00007fb71252980d:   48 d1 ee 83 e6 0f 40 88 b5 70 ff ff ff e9 fd fd
  0x00007fb71252981d:   ff ff 48 c7 85 78 ff ff ff ff ff ff ff e9 ed fd
  0x00007fb71252982d:   ff ff 90 55 48 89 e5 41 57 41 56 4d 89 c6 41 55
  0x00007fb71252983d:   49 89 f5 41 54 53 48 89 f3 48 81 ec 68 01 00 00
  0x00007fb71252984d:   48 89 bd 88 fe ff ff 48 89 95 80 fe ff ff 89 8d
  0x00007fb71252985d:   7c fe ff ff 48 85 f6 0f 84 ce 03 00 00 48 89 df
  0x00007fb71252986d:   ff 15 05 40 a7 00 48 89 df 48 8d 95 c0 fe ff ff
  0x00007fb71252987d:   89 c6 e8 2c 36 5c 00 48 89 c3 48 85 c0 0f 84 08
  0x00007fb71252988d:   02 00 00 8b 00 66 83 f8 01 0f 84 b4 03 00 00 48
  0x00007fb71252989d:   8b bd 80 fe ff ff ff 15 cf 3f a7 00 48 8b bd 80
  0x00007fb7125298ad:   fe ff ff 48 8d 95 c0 fe ff ff 89 c6 e8 f2 35 5c
  0x00007fb7125298bd:   00 49 89 c4 48 85 c0 0f 84 b3 03 00 00 41 8b 04
  0x00007fb7125298cd:   24 66 83 f8 01 0f 84 c8 02 00 00 48 8b 85 88 fe
  0x00007fb7125298dd:   ff ff 83 e0 03 48 83 f8 01 0f 84 04 02 00 00 48
  0x00007fb7125298ed:   83 f8 02 0f 84 1a 02 00 00 48 8b 85 88 fe ff ff
=>0x00007fb7125298fd:   48 8b 00 48 63 15 5d 55 aa 00 4c 8b 0c 10 4d 85
  0x00007fb71252990d:   c9 0f 84 4c 03 00 00 49 8b 01 4c 89 8d 88 fe ff
  0x00007fb71252991d:   ff 4c 89 cf 4c 89 f6 ff 90 b0 00 00 00 49 83 7e
  0x00007fb71252992d:   08 00 4c 8b 8d 88 fe ff ff 0f 85 48 01 00 00 48
  0x00007fb71252993d:   3b 1d 55 16 aa 00 74 7b 48 3b 1d 54 16 aa 00 74
  0x00007fb71252994d:   72 49 8b 01 4c 89 cf 4c 89 8d 88 fe ff ff 45 31
  0x00007fb71252995d:   c0 31 c9 4c 89 e2 48 89 de ff 90 c0 00 00 00 4c
  0x00007fb71252996d:   8b 8d 88 fe ff ff 48 85 c0 48 89 c7 0f 84 31 02
  0x00007fb71252997d:   00 00 0f b6 47 2c c0 e8 03 83 e0 01 38 85 7c fe
  0x00007fb71252998d:   ff ff 75 3b e8 ba 9b 2c 00 4c 89 e7 49 89 c5 e8
  0x00007fb71252999d:   ef 47 5d 00 48 89 df e8 e7 47 5d 00 48 81 c4 68
  0x00007fb7125299ad:   01 00 00 4c 89 e8 5b 41 5c 41 5d 41 5e 41 5f 5d
  0x00007fb7125299bd:   c3 66 90 66 41 83 79 0c 04 0f 86 64 01 00 00 4d
  0x00007fb7125299cd:   8b 96 00 04 00 00 4c 89 cf 49 8b 42 08 f3 41 0f
  0x00007fb7125299dd:   7e 42 20 66 49 0f 6e ca 41 0f 16 42 28 41 0f 16
  0x00007fb7125299ed:   4a 18 4c 89 95 88 fe ff ff 48 89 85 b0 fe ff ff


Stack slot to memory mapping:

stack at sp + 0 slots: 0x0000000000000074 is an unknown value
stack at sp + 1 slots: 0x000000000000006f is an unknown value
stack at sp + 2 slots: 0x000055bda7cff051: <offset 0x0000000000002051> in ./c_adapter at 0x000055bda7cfd000
stack at sp + 3 slots: 0x0 is null
stack at sp + 4 slots: 0x0 is null
stack at sp + 5 slots: 0x000055bdcc9b6258 points into unknown readable memory: 0x6f69747065637845 | 45 78 63 65 70 74 69 6f
stack at sp + 6 slots: 0x00000000000000e3 is an unknown value
stack at sp + 7 slots: 0x0000000000000200 is an unknown value

Lock stack of current Java thread (top to bottom):


---------------  P R O C E S S  ---------------

Threads class SMR info:
_java_thread_list=0x000055bdccb04d00, length=9, elements={
0x000055bdcc9cbc40, 0x000055bdccaee0e0, 0x000055bdccaef120, 0x000055bdccaf0530,
0x000055bdccaf1d10, 0x000055bdccaf35a0, 0x000055bdccaf5430, 0x000055bdccaf6e30,
0x000055bdccb03a60
}

Java Threads: ( => current thread )
=>0x000055bdcc9cbc40 JavaThread "main"                              [_thread_in_vm, id=25451, stack(0x00007ffcece79000,0x00007ffcecf79000) (1024K)]
  0x000055bdccaee0e0 JavaThread "Reference Handler"          daemon [_thread_blocked, id=25463, stack(0x00007fb6f07ef000,0x00007fb6f08ef000) (1024K)]
  0x000055bdccaef120 JavaThread "Finalizer"                  daemon [_thread_blocked, id=25464, stack(0x00007fb6f09f1000,0x00007fb6f0af1000) (1024K)]
  0x000055bdccaf0530 JavaThread "Signal Dispatcher"          daemon [_thread_blocked, id=25465, stack(0x00007fb6f05ed000,0x00007fb6f06ed000) (1024K)]
  0x000055bdccaf1d10 JavaThread "Service Thread"             daemon [_thread_blocked, id=25466, stack(0x00007fb6f0100000,0x00007fb6f0200000) (1024K)]
  0x000055bdccaf35a0 JavaThread "Monitor Deflation Thread"   daemon [_thread_blocked, id=25467, stack(0x00007fb6bff00000,0x00007fb6c0000000) (1024K)]
  0x000055bdccaf5430 JavaThread "C2 CompilerThread0"         daemon [_thread_blocked, id=25468, stack(0x00007fb6bfdff000,0x00007fb6bfeff000) (1024K)]
  0x000055bdccaf6e30 JavaThread "C1 CompilerThread0"         daemon [_thread_blocked, id=25469, stack(0x00007fb6bfcfe000,0x00007fb6bfdfe000) (1024K)]
  0x000055bdccb03a60 JavaThread "Notification Thread"        daemon [_thread_blocked, id=25470, stack(0x00007fb6bfbfd000,0x00007fb6bfcfd000) (1024K)]
Total: 9

Other Threads:
  0x000055bdccae4570 VMThread "VM Thread"                           [id=25462, stack(0x00007fb6f06ee000,0x00007fb6f07ee000) (1024K)]
  0x000055bdccad3d90 WatcherThread "VM Periodic Task Thread"        [id=25461, stack(0x00007fb6f08f0000,0x00007fb6f09f0000) (1024K)]
  0x000055bdcca36540 WorkerThread "GC Thread#0"                     [id=25452, stack(0x00007fb6f3dde000,0x00007fb6f3ede000) (1024K)]
  0x000055bdcca4ed60 ConcurrentGCThread "G1 Main Marker"            [id=25453, stack(0x00007fb6f3cdd000,0x00007fb6f3ddd000) (1024K)]
  0x000055bdcca4ff70 WorkerThread "G1 Conc#0"                       [id=25454, stack(0x00007fb6f3bdc000,0x00007fb6f3cdc000) (1024K)]
  0x000055bdccabc5a0 ConcurrentGCThread "G1 Refine#0"               [id=25455, stack(0x00007fb6f0bf3000,0x00007fb6f0cf3000) (1024K)]
  0x000055bdccabd7a0 ConcurrentGCThread "G1 Service"                [id=25456, stack(0x00007fb6f0af2000,0x00007fb6f0bf2000) (1024K)]
Total: 7

Threads with active compile tasks:
Total: 0

VM state: not at safepoint (normal execution)

VM Mutex/Monitor currently owned by a thread: None

Heap address: 0x000000070b200000, size: 3918 MB, Compressed Oops mode: Zero based, Oop shift amount: 3

CDS archive(s) mapped at: [0x000000009c000000-0x000000009cd8d000-0x000000009cd8d000), size 14209024, SharedBaseAddress: 0x000000009c000000, ArchiveRelocationMode: 1.
Compressed class space mapped at: 0x000000009d000000-0x00000000dd000000, reserved size: 1073741824
UseCompressedClassPointers 1, UseCompactObjectHeaders 0
Narrow klass pointer bits 32, Max shift 3
Narrow klass base: 0x000000009c000000, Narrow klass shift: 0
Encoding Range: [0x000000009c000000 - 0x000000019c000000), (4294967296 bytes)
Klass Range:    [0x000000009c001000 - 0x00000000dd000000), (1090514944 bytes)
Klass ID Range:  [4096 - 1090519033) (1090514937)
Protection zone: [0x000000009c000000 - 0x000000009c001000), (4096 bytes)

GC Precious Log:
 CardTable entry size: 512
 Card Set container configuration: InlinePtr #cards 4 size 8 Array Of Cards #cards 16 size 48 Howl #buckets 8 coarsen threshold 3686 Howl Bitmap #cards 512 size 80 coarsen threshold 460 Card regions per heap region 1 cards per card region 4096
 CPUs: 19 total, 19 available
 Memory: 15667M
 Large Page Support: Disabled
 NUMA Support: Disabled
 Compressed Oops: Enabled (Zero based)
 Heap Region Size: 2M
 Heap Min Capacity: 8M
 Heap Initial Capacity: 246M
 Heap Max Capacity: 3918M
 Pre-touch: Disabled
 Parallel Workers: 14
 Concurrent Workers: 4
 Concurrent Refinement Workers: 14
 Periodic GC: Disabled

Heap:
 garbage-first heap   total reserved 4012032K, committed 253952K, used 1155K [0x000000070b200000, 0x0000000800000000)
  region size 2048K, 1 young (2048K), 0 survivors (0K)

Heap Regions: E=young(eden), S=young(survivor), O=old, HS=humongous(starts), HC=humongous(continues), CS=collection set, F=free, TAMS=top-at-mark-start, PB=parsable bottom
|   0|0x000000070b200000, 0x000000070b200000, 0x000000070b400000|  0%| F|  |TAMS 0x000000070b200000| PB 0x000000070b200000| Untracked |  0
|   1|0x000000070b400000, 0x000000070b400000, 0x000000070b600000|  0%| F|  |TAMS 0x000000070b400000| PB 0x000000070b400000| Untracked |  0
|   2|0x000000070b600000, 0x000000070b600000, 0x000000070b800000|  0%| F|  |TAMS 0x000000070b600000| PB 0x000000070b600000| Untracked |  0
|   3|0x000000070b800000, 0x000000070b800000, 0x000000070ba00000|  0%| F|  |TAMS 0x000000070b800000| PB 0x000000070b800000| Untracked |  0
|   4|0x000000070ba00000, 0x000000070ba00000, 0x000000070bc00000|  0%| F|  |TAMS 0x000000070ba00000| PB 0x000000070ba00000| Untracked |  0
|   5|0x000000070bc00000, 0x000000070bc00000, 0x000000070be00000|  0%| F|  |TAMS 0x000000070bc00000| PB 0x000000070bc00000| Untracked |  0
|   6|0x000000070be00000, 0x000000070be00000, 0x000000070c000000|  0%| F|  |TAMS 0x000000070be00000| PB 0x000000070be00000| Untracked |  0
|   7|0x000000070c000000, 0x000000070c000000, 0x000000070c200000|  0%| F|  |TAMS 0x000000070c000000| PB 0x000000070c000000| Untracked |  0
|   8|0x000000070c200000, 0x000000070c200000, 0x000000070c400000|  0%| F|  |TAMS 0x000000070c200000| PB 0x000000070c200000| Untracked |  0
|   9|0x000000070c400000, 0x000000070c400000, 0x000000070c600000|  0%| F|  |TAMS 0x000000070c400000| PB 0x000000070c400000| Untracked |  0
|  10|0x000000070c600000, 0x000000070c600000, 0x000000070c800000|  0%| F|  |TAMS 0x000000070c600000| PB 0x000000070c600000| Untracked |  0
|  11|0x000000070c800000, 0x000000070c800000, 0x000000070ca00000|  0%| F|  |TAMS 0x000000070c800000| PB 0x000000070c800000| Untracked |  0
|  12|0x000000070ca00000, 0x000000070ca00000, 0x000000070cc00000|  0%| F|  |TAMS 0x000000070ca00000| PB 0x000000070ca00000| Untracked |  0
|  13|0x000000070cc00000, 0x000000070cc00000, 0x000000070ce00000|  0%| F|  |TAMS 0x000000070cc00000| PB 0x000000070cc00000| Untracked |  0
|  14|0x000000070ce00000, 0x000000070ce00000, 0x000000070d000000|  0%| F|  |TAMS 0x000000070ce00000| PB 0x000000070ce00000| Untracked |  0
|  15|0x000000070d000000, 0x000000070d000000, 0x000000070d200000|  0%| F|  |TAMS 0x000000070d000000| PB 0x000000070d000000| Untracked |  0
|  16|0x000000070d200000, 0x000000070d200000, 0x000000070d400000|  0%| F|  |TAMS 0x000000070d200000| PB 0x000000070d200000| Untracked |  0
|  17|0x000000070d400000, 0x000000070d400000, 0x000000070d600000|  0%| F|  |TAMS 0x000000070d400000| PB 0x000000070d400000| Untracked |  0
|  18|0x000000070d600000, 0x000000070d600000, 0x000000070d800000|  0%| F|  |TAMS 0x000000070d600000| PB 0x000000070d600000| Untracked |  0
|  19|0x000000070d800000, 0x000000070d800000, 0x000000070da00000|  0%| F|  |TAMS 0x000000070d800000| PB 0x000000070d800000| Untracked |  0
|  20|0x000000070da00000, 0x000000070da00000, 0x000000070dc00000|  0%| F|  |TAMS 0x000000070da00000| PB 0x000000070da00000| Untracked |  0
|  21|0x000000070dc00000, 0x000000070dc00000, 0x000000070de00000|  0%| F|  |TAMS 0x000000070dc00000| PB 0x000000070dc00000| Untracked |  0
|  22|0x000000070de00000, 0x000000070de00000, 0x000000070e000000|  0%| F|  |TAMS 0x000000070de00000| PB 0x000000070de00000| Untracked |  0
|  23|0x000000070e000000, 0x000000070e000000, 0x000000070e200000|  0%| F|  |TAMS 0x000000070e000000| PB 0x000000070e000000| Untracked |  0
|  24|0x000000070e200000, 0x000000070e200000, 0x000000070e400000|  0%| F|  |TAMS 0x000000070e200000| PB 0x000000070e200000| Untracked |  0
|  25|0x000000070e400000, 0x000000070e400000, 0x000000070e600000|  0%| F|  |TAMS 0x000000070e400000| PB 0x000000070e400000| Untracked |  0
|  26|0x000000070e600000, 0x000000070e600000, 0x000000070e800000|  0%| F|  |TAMS 0x000000070e600000| PB 0x000000070e600000| Untracked |  0
|  27|0x000000070e800000, 0x000000070e800000, 0x000000070ea00000|  0%| F|  |TAMS 0x000000070e800000| PB 0x000000070e800000| Untracked |  0
|  28|0x000000070ea00000, 0x000000070ea00000, 0x000000070ec00000|  0%| F|  |TAMS 0x000000070ea00000| PB 0x000000070ea00000| Untracked |  0
|  29|0x000000070ec00000, 0x000000070ec00000, 0x000000070ee00000|  0%| F|  |TAMS 0x000000070ec00000| PB 0x000000070ec00000| Untracked |  0
|  30|0x000000070ee00000, 0x000000070ee00000, 0x000000070f000000|  0%| F|  |TAMS 0x000000070ee00000| PB 0x000000070ee00000| Untracked |  0
|  31|0x000000070f000000, 0x000000070f000000, 0x000000070f200000|  0%| F|  |TAMS 0x000000070f000000| PB 0x000000070f000000| Untracked |  0
|  32|0x000000070f200000, 0x000000070f200000, 0x000000070f400000|  0%| F|  |TAMS 0x000000070f200000| PB 0x000000070f200000| Untracked |  0
|  33|0x000000070f400000, 0x000000070f400000, 0x000000070f600000|  0%| F|  |TAMS 0x000000070f400000| PB 0x000000070f400000| Untracked |  0
|  34|0x000000070f600000, 0x000000070f600000, 0x000000070f800000|  0%| F|  |TAMS 0x000000070f600000| PB 0x000000070f600000| Untracked |  0
|  35|0x000000070f800000, 0x000000070f800000, 0x000000070fa00000|  0%| F|  |TAMS 0x000000070f800000| PB 0x000000070f800000| Untracked |  0
|  36|0x000000070fa00000, 0x000000070fa00000, 0x000000070fc00000|  0%| F|  |TAMS 0x000000070fa00000| PB 0x000000070fa00000| Untracked |  0
|  37|0x000000070fc00000, 0x000000070fc00000, 0x000000070fe00000|  0%| F|  |TAMS 0x000000070fc00000| PB 0x000000070fc00000| Untracked |  0
|  38|0x000000070fe00000, 0x000000070fe00000, 0x0000000710000000|  0%| F|  |TAMS 0x000000070fe00000| PB 0x000000070fe00000| Untracked |  0
|  39|0x0000000710000000, 0x0000000710000000, 0x0000000710200000|  0%| F|  |TAMS 0x0000000710000000| PB 0x0000000710000000| Untracked |  0
|  40|0x0000000710200000, 0x0000000710200000, 0x0000000710400000|  0%| F|  |TAMS 0x0000000710200000| PB 0x0000000710200000| Untracked |  0
|  41|0x0000000710400000, 0x0000000710400000, 0x0000000710600000|  0%| F|  |TAMS 0x0000000710400000| PB 0x0000000710400000| Untracked |  0
|  42|0x0000000710600000, 0x0000000710600000, 0x0000000710800000|  0%| F|  |TAMS 0x0000000710600000| PB 0x0000000710600000| Untracked |  0
|  43|0x0000000710800000, 0x0000000710800000, 0x0000000710a00000|  0%| F|  |TAMS 0x0000000710800000| PB 0x0000000710800000| Untracked |  0
|  44|0x0000000710a00000, 0x0000000710a00000, 0x0000000710c00000|  0%| F|  |TAMS 0x0000000710a00000| PB 0x0000000710a00000| Untracked |  0
|  45|0x0000000710c00000, 0x0000000710c00000, 0x0000000710e00000|  0%| F|  |TAMS 0x0000000710c00000| PB 0x0000000710c00000| Untracked |  0
|  46|0x0000000710e00000, 0x0000000710e00000, 0x0000000711000000|  0%| F|  |TAMS 0x0000000710e00000| PB 0x0000000710e00000| Untracked |  0
|  47|0x0000000711000000, 0x0000000711000000, 0x0000000711200000|  0%| F|  |TAMS 0x0000000711000000| PB 0x0000000711000000| Untracked |  0
|  48|0x0000000711200000, 0x0000000711200000, 0x0000000711400000|  0%| F|  |TAMS 0x0000000711200000| PB 0x0000000711200000| Untracked |  0
|  49|0x0000000711400000, 0x0000000711400000, 0x0000000711600000|  0%| F|  |TAMS 0x0000000711400000| PB 0x0000000711400000| Untracked |  0
|  50|0x0000000711600000, 0x0000000711600000, 0x0000000711800000|  0%| F|  |TAMS 0x0000000711600000| PB 0x0000000711600000| Untracked |  0
|  51|0x0000000711800000, 0x0000000711800000, 0x0000000711a00000|  0%| F|  |TAMS 0x0000000711800000| PB 0x0000000711800000| Untracked |  0
|  52|0x0000000711a00000, 0x0000000711a00000, 0x0000000711c00000|  0%| F|  |TAMS 0x0000000711a00000| PB 0x0000000711a00000| Untracked |  0
|  53|0x0000000711c00000, 0x0000000711c00000, 0x0000000711e00000|  0%| F|  |TAMS 0x0000000711c00000| PB 0x0000000711c00000| Untracked |  0
|  54|0x0000000711e00000, 0x0000000711e00000, 0x0000000712000000|  0%| F|  |TAMS 0x0000000711e00000| PB 0x0000000711e00000| Untracked |  0
|  55|0x0000000712000000, 0x0000000712000000, 0x0000000712200000|  0%| F|  |TAMS 0x0000000712000000| PB 0x0000000712000000| Untracked |  0
|  56|0x0000000712200000, 0x0000000712200000, 0x0000000712400000|  0%| F|  |TAMS 0x0000000712200000| PB 0x0000000712200000| Untracked |  0
|  57|0x0000000712400000, 0x0000000712400000, 0x0000000712600000|  0%| F|  |TAMS 0x0000000712400000| PB 0x0000000712400000| Untracked |  0
|  58|0x0000000712600000, 0x0000000712600000, 0x0000000712800000|  0%| F|  |TAMS 0x0000000712600000| PB 0x0000000712600000| Untracked |  0
|  59|0x0000000712800000, 0x0000000712800000, 0x0000000712a00000|  0%| F|  |TAMS 0x0000000712800000| PB 0x0000000712800000| Untracked |  0
|  60|0x0000000712a00000, 0x0000000712a00000, 0x0000000712c00000|  0%| F|  |TAMS 0x0000000712a00000| PB 0x0000000712a00000| Untracked |  0
|  61|0x0000000712c00000, 0x0000000712c00000, 0x0000000712e00000|  0%| F|  |TAMS 0x0000000712c00000| PB 0x0000000712c00000| Untracked |  0
|  62|0x0000000712e00000, 0x0000000712e00000, 0x0000000713000000|  0%| F|  |TAMS 0x0000000712e00000| PB 0x0000000712e00000| Untracked |  0
|  63|0x0000000713000000, 0x0000000713000000, 0x0000000713200000|  0%| F|  |TAMS 0x0000000713000000| PB 0x0000000713000000| Untracked |  0
|  64|0x0000000713200000, 0x0000000713200000, 0x0000000713400000|  0%| F|  |TAMS 0x0000000713200000| PB 0x0000000713200000| Untracked |  0
|  65|0x0000000713400000, 0x0000000713400000, 0x0000000713600000|  0%| F|  |TAMS 0x0000000713400000| PB 0x0000000713400000| Untracked |  0
|  66|0x0000000713600000, 0x0000000713600000, 0x0000000713800000|  0%| F|  |TAMS 0x0000000713600000| PB 0x0000000713600000| Untracked |  0
|  67|0x0000000713800000, 0x0000000713800000, 0x0000000713a00000|  0%| F|  |TAMS 0x0000000713800000| PB 0x0000000713800000| Untracked |  0
|  68|0x0000000713a00000, 0x0000000713a00000, 0x0000000713c00000|  0%| F|  |TAMS 0x0000000713a00000| PB 0x0000000713a00000| Untracked |  0
|  69|0x0000000713c00000, 0x0000000713c00000, 0x0000000713e00000|  0%| F|  |TAMS 0x0000000713c00000| PB 0x0000000713c00000| Untracked |  0
|  70|0x0000000713e00000, 0x0000000713e00000, 0x0000000714000000|  0%| F|  |TAMS 0x0000000713e00000| PB 0x0000000713e00000| Untracked |  0
|  71|0x0000000714000000, 0x0000000714000000, 0x0000000714200000|  0%| F|  |TAMS 0x0000000714000000| PB 0x0000000714000000| Untracked |  0
|  72|0x0000000714200000, 0x0000000714200000, 0x0000000714400000|  0%| F|  |TAMS 0x0000000714200000| PB 0x0000000714200000| Untracked |  0
|  73|0x0000000714400000, 0x0000000714400000, 0x0000000714600000|  0%| F|  |TAMS 0x0000000714400000| PB 0x0000000714400000| Untracked |  0
|  74|0x0000000714600000, 0x0000000714600000, 0x0000000714800000|  0%| F|  |TAMS 0x0000000714600000| PB 0x0000000714600000| Untracked |  0
|  75|0x0000000714800000, 0x0000000714800000, 0x0000000714a00000|  0%| F|  |TAMS 0x0000000714800000| PB 0x0000000714800000| Untracked |  0
|  76|0x0000000714a00000, 0x0000000714a00000, 0x0000000714c00000|  0%| F|  |TAMS 0x0000000714a00000| PB 0x0000000714a00000| Untracked |  0
|  77|0x0000000714c00000, 0x0000000714c00000, 0x0000000714e00000|  0%| F|  |TAMS 0x0000000714c00000| PB 0x0000000714c00000| Untracked |  0
|  78|0x0000000714e00000, 0x0000000714e00000, 0x0000000715000000|  0%| F|  |TAMS 0x0000000714e00000| PB 0x0000000714e00000| Untracked |  0
|  79|0x0000000715000000, 0x0000000715000000, 0x0000000715200000|  0%| F|  |TAMS 0x0000000715000000| PB 0x0000000715000000| Untracked |  0
|  80|0x0000000715200000, 0x0000000715200000, 0x0000000715400000|  0%| F|  |TAMS 0x0000000715200000| PB 0x0000000715200000| Untracked |  0
|  81|0x0000000715400000, 0x0000000715400000, 0x0000000715600000|  0%| F|  |TAMS 0x0000000715400000| PB 0x0000000715400000| Untracked |  0
|  82|0x0000000715600000, 0x0000000715600000, 0x0000000715800000|  0%| F|  |TAMS 0x0000000715600000| PB 0x0000000715600000| Untracked |  0
|  83|0x0000000715800000, 0x0000000715800000, 0x0000000715a00000|  0%| F|  |TAMS 0x0000000715800000| PB 0x0000000715800000| Untracked |  0
|  84|0x0000000715a00000, 0x0000000715a00000, 0x0000000715c00000|  0%| F|  |TAMS 0x0000000715a00000| PB 0x0000000715a00000| Untracked |  0
|  85|0x0000000715c00000, 0x0000000715c00000, 0x0000000715e00000|  0%| F|  |TAMS 0x0000000715c00000| PB 0x0000000715c00000| Untracked |  0
|  86|0x0000000715e00000, 0x0000000715e00000, 0x0000000716000000|  0%| F|  |TAMS 0x0000000715e00000| PB 0x0000000715e00000| Untracked |  0
|  87|0x0000000716000000, 0x0000000716000000, 0x0000000716200000|  0%| F|  |TAMS 0x0000000716000000| PB 0x0000000716000000| Untracked |  0
|  88|0x0000000716200000, 0x0000000716200000, 0x0000000716400000|  0%| F|  |TAMS 0x0000000716200000| PB 0x0000000716200000| Untracked |  0
|  89|0x0000000716400000, 0x0000000716400000, 0x0000000716600000|  0%| F|  |TAMS 0x0000000716400000| PB 0x0000000716400000| Untracked |  0
|  90|0x0000000716600000, 0x0000000716600000, 0x0000000716800000|  0%| F|  |TAMS 0x0000000716600000| PB 0x0000000716600000| Untracked |  0
|  91|0x0000000716800000, 0x0000000716800000, 0x0000000716a00000|  0%| F|  |TAMS 0x0000000716800000| PB 0x0000000716800000| Untracked |  0
|  92|0x0000000716a00000, 0x0000000716a00000, 0x0000000716c00000|  0%| F|  |TAMS 0x0000000716a00000| PB 0x0000000716a00000| Untracked |  0
|  93|0x0000000716c00000, 0x0000000716c00000, 0x0000000716e00000|  0%| F|  |TAMS 0x0000000716c00000| PB 0x0000000716c00000| Untracked |  0
|  94|0x0000000716e00000, 0x0000000716e00000, 0x0000000717000000|  0%| F|  |TAMS 0x0000000716e00000| PB 0x0000000716e00000| Untracked |  0
|  95|0x0000000717000000, 0x0000000717000000, 0x0000000717200000|  0%| F|  |TAMS 0x0000000717000000| PB 0x0000000717000000| Untracked |  0
|  96|0x0000000717200000, 0x0000000717200000, 0x0000000717400000|  0%| F|  |TAMS 0x0000000717200000| PB 0x0000000717200000| Untracked |  0
|  97|0x0000000717400000, 0x0000000717400000, 0x0000000717600000|  0%| F|  |TAMS 0x0000000717400000| PB 0x0000000717400000| Untracked |  0
|  98|0x0000000717600000, 0x0000000717600000, 0x0000000717800000|  0%| F|  |TAMS 0x0000000717600000| PB 0x0000000717600000| Untracked |  0
|  99|0x0000000717800000, 0x0000000717800000, 0x0000000717a00000|  0%| F|  |TAMS 0x0000000717800000| PB 0x0000000717800000| Untracked |  0
| 100|0x0000000717a00000, 0x0000000717a00000, 0x0000000717c00000|  0%| F|  |TAMS 0x0000000717a00000| PB 0x0000000717a00000| Untracked |  0
| 101|0x0000000717c00000, 0x0000000717c00000, 0x0000000717e00000|  0%| F|  |TAMS 0x0000000717c00000| PB 0x0000000717c00000| Untracked |  0
| 102|0x0000000717e00000, 0x0000000717e00000, 0x0000000718000000|  0%| F|  |TAMS 0x0000000717e00000| PB 0x0000000717e00000| Untracked |  0
| 103|0x0000000718000000, 0x0000000718000000, 0x0000000718200000|  0%| F|  |TAMS 0x0000000718000000| PB 0x0000000718000000| Untracked |  0
| 104|0x0000000718200000, 0x0000000718200000, 0x0000000718400000|  0%| F|  |TAMS 0x0000000718200000| PB 0x0000000718200000| Untracked |  0
| 105|0x0000000718400000, 0x0000000718400000, 0x0000000718600000|  0%| F|  |TAMS 0x0000000718400000| PB 0x0000000718400000| Untracked |  0
| 106|0x0000000718600000, 0x0000000718600000, 0x0000000718800000|  0%| F|  |TAMS 0x0000000718600000| PB 0x0000000718600000| Untracked |  0
| 107|0x0000000718800000, 0x0000000718800000, 0x0000000718a00000|  0%| F|  |TAMS 0x0000000718800000| PB 0x0000000718800000| Untracked |  0
| 108|0x0000000718a00000, 0x0000000718a00000, 0x0000000718c00000|  0%| F|  |TAMS 0x0000000718a00000| PB 0x0000000718a00000| Untracked |  0
| 109|0x0000000718c00000, 0x0000000718c00000, 0x0000000718e00000|  0%| F|  |TAMS 0x0000000718c00000| PB 0x0000000718c00000| Untracked |  0
| 110|0x0000000718e00000, 0x0000000718e00000, 0x0000000719000000|  0%| F|  |TAMS 0x0000000718e00000| PB 0x0000000718e00000| Untracked |  0
| 111|0x0000000719000000, 0x0000000719000000, 0x0000000719200000|  0%| F|  |TAMS 0x0000000719000000| PB 0x0000000719000000| Untracked |  0
| 112|0x0000000719200000, 0x0000000719200000, 0x0000000719400000|  0%| F|  |TAMS 0x0000000719200000| PB 0x0000000719200000| Untracked |  0
| 113|0x0000000719400000, 0x0000000719400000, 0x0000000719600000|  0%| F|  |TAMS 0x0000000719400000| PB 0x0000000719400000| Untracked |  0
| 114|0x0000000719600000, 0x0000000719600000, 0x0000000719800000|  0%| F|  |TAMS 0x0000000719600000| PB 0x0000000719600000| Untracked |  0
| 115|0x0000000719800000, 0x0000000719800000, 0x0000000719a00000|  0%| F|  |TAMS 0x0000000719800000| PB 0x0000000719800000| Untracked |  0
| 116|0x0000000719a00000, 0x0000000719a00000, 0x0000000719c00000|  0%| F|  |TAMS 0x0000000719a00000| PB 0x0000000719a00000| Untracked |  0
| 117|0x0000000719c00000, 0x0000000719c00000, 0x0000000719e00000|  0%| F|  |TAMS 0x0000000719c00000| PB 0x0000000719c00000| Untracked |  0
| 118|0x0000000719e00000, 0x0000000719e00000, 0x000000071a000000|  0%| F|  |TAMS 0x0000000719e00000| PB 0x0000000719e00000| Untracked |  0
| 119|0x000000071a000000, 0x000000071a000000, 0x000000071a200000|  0%| F|  |TAMS 0x000000071a000000| PB 0x000000071a000000| Untracked |  0
| 120|0x000000071a200000, 0x000000071a200000, 0x000000071a400000|  0%| F|  |TAMS 0x000000071a200000| PB 0x000000071a200000| Untracked |  0
| 121|0x000000071a400000, 0x000000071a400000, 0x000000071a600000|  0%| F|  |TAMS 0x000000071a400000| PB 0x000000071a400000| Untracked |  0
| 122|0x000000071a600000, 0x000000071a7eb870, 0x000000071a800000| 96%| E|  |TAMS 0x000000071a600000| PB 0x000000071a600000| Complete |  0
|1958|0x00000007ffe00000, 0x00000007fff20ff0, 0x0000000800000000| 56%| O|  |TAMS 0x00000007ffe00000| PB 0x00000007ffe00000| Untracked |  0

Card table byte_map: [0x00007fb6f7cd2000,0x00007fb6f8479000] _byte_map_base: 0x00007fb6f4479000

Marking Bits: (CMBitMap*) 0x000055bdcca372a0
 Bits: [0x00007fb6f3f9a000, 0x00007fb6f7cd2000)

Polling page: 0x00007fb713153000

Metaspace:
Metaspace        used 61K, committed 128K, reserved 1114112K
 class space     used 2K, committed 64K, reserved 1048576K

Usage:
  Non-class:     59.25 KB used.
      Class:      2.10 KB used.
       Both:     61.35 KB used.

Virtual space:
  Non-class space:       64.00 MB reserved,      64.00 KB ( <1%) committed,  1 nodes.
      Class space:        1.00 GB reserved,      64.00 KB ( <1%) committed,  1 nodes.
             Both:        1.06 GB reserved,     128.00 KB ( <1%) committed. 

Chunk freelists:
   Non-Class:  12.00 MB
       Class:  15.75 MB
        Both:  27.75 MB

MaxMetaspaceSize: unlimited
CompressedClassSpaceSize: 1.00 GB
Initial GC threshold: 21.00 MB
Current GC threshold: 21.00 MB
CDS: on
 - commit_granule_bytes: 65536.
 - commit_granule_words: 8192.
 - virtual_space_node_default_size: 8388608.
 - enlarge_chunks_in_place: 1.
UseCompressedClassPointers 1, UseCompactObjectHeaders 0
Narrow klass pointer bits 32, Max shift 3
Narrow klass base: 0x000000009c000000, Narrow klass shift: 0
Encoding Range: [0x000000009c000000 - 0x000000019c000000), (4294967296 bytes)
Klass Range:    [0x000000009c001000 - 0x00000000dd000000), (1090514944 bytes)
Klass ID Range:  [4096 - 1090519033) (1090514937)
Protection zone: [0x000000009c000000 - 0x000000009c001000), (4096 bytes)


Internal statistics:

num_allocs_failed_limit: 0.
num_arena_births: 2.
num_arena_deaths: 0.
num_vsnodes_births: 2.
num_vsnodes_deaths: 0.
num_space_committed: 2.
num_space_uncommitted: 0.
num_chunks_returned_to_freelist: 0.
num_chunks_taken_from_freelist: 2.
num_chunk_merges: 0.
num_chunk_splits: 2.
num_chunks_enlarged: 0.
num_inconsistent_stats: 0.

CodeHeap 'non-profiled nmethods': size=119172Kb used=2Kb max_used=2Kb free=119169Kb
 bounds [0x00007fb70179f000, 0x00007fb701a0f000, 0x00007fb708c00000]
CodeHeap 'profiled nmethods': size=119164Kb used=2Kb max_used=2Kb free=119161Kb
 bounds [0x00007fb6f9c00000, 0x00007fb6f9e70000, 0x00007fb70105f000]
CodeHeap 'non-nmethods': size=7424Kb used=1192Kb max_used=1205Kb free=6231Kb
 bounds [0x00007fb70105f000, 0x00007fb7012cf000, 0x00007fb70179f000]
CodeCache: size=245760Kb, used=1196Kb, max_used=1209Kb, free=244561Kb
 total_blobs=300, nmethods=6, adapters=200, full_count=0
Compilation: enabled, stopped_count=0, restarted_count=0

Compilation events (6 events):
Event: 0.012 Thread 0x000055bdccaf6e30    1       3       java.lang.String::hashCode (60 bytes)
Event: 0.013 Thread 0x000055bdccaf6e30 nmethod 1 0x00007fb6f9c00008 code [0x00007fb6f9c00100, 0x00007fb6f9c00508]
Event: 0.013 Thread 0x000055bdccaf6e30    3       3       java.lang.Object::<init> (1 bytes)
Event: 0.013 Thread 0x000055bdccaf6e30 nmethod 3 0x00007fb6f9c00588 code [0x00007fb6f9c00680, 0x00007fb6f9c00780]
Event: 0.013 Thread 0x000055bdccaf6e30    6       3       java.lang.Byte::toUnsignedInt (6 bytes)
Event: 0.013 Thread 0x000055bdccaf6e30 nmethod 6 0x00007fb6f9c00888 code [0x00007fb6f9c00980, 0x00007fb6f9c00a68]

GC Heap Usage History (0 events):
No events

Metaspace Usage History (0 events):
No events

Dll operation events (2 events):
Event: 0.001 Loaded shared library /usr/lib/jvm/java-25-openjdk/lib/libjava.so
Event: 0.012 Loaded shared library /usr/lib/jvm/java-25-openjdk/lib/libsimdsort.so

Deoptimization events (0 events):
No events

Classes loaded (4 events):
Event: 0.013 Loading class jdk/internal/vm/PostVMInitHook
Event: 0.013 Loading class jdk/internal/vm/PostVMInitHook done
Event: 0.013 Loading class java/io/FileNotFoundException
Event: 0.013 Loading class java/io/FileNotFoundException done

Classes unloaded (0 events):
No events

Classes redefined (0 events):
No events

Internal exceptions (1 events):
Event: 0.014 Thread 0x000055bdcc9cbc40 Exception <a 'java/lang/NoClassDefFoundError'{0x000000071a612280}: com/nexus/core/Nexus> (0x000000071a612280) 
thrown [/usr/src/debug/java-openjdk/jdk25u-jdk-25.0.2-10/src/hotspot/share/classfile/systemDictionary.cpp, line 316]

VM Operations (0 events):
No events

Memory protections (10 events):
Event: 0.001 Protecting memory [0x00007ffcece79000,0x00007ffcece7d000] with protection modes 0
Event: 0.005 Protecting memory [0x000000009c000000,0x000000009c001000] with protection modes 0
Event: 0.011 Protecting memory [0x00007fb6f07ef000,0x00007fb6f07f3000] with protection modes 0
Event: 0.011 Protecting memory [0x00007fb6f09f1000,0x00007fb6f09f5000] with protection modes 0
Event: 0.011 Protecting memory [0x00007fb6f05ed000,0x00007fb6f05f1000] with protection modes 0
Event: 0.011 Protecting memory [0x00007fb6f0100000,0x00007fb6f0104000] with protection modes 0
Event: 0.011 Protecting memory [0x00007fb6bff00000,0x00007fb6bff04000] with protection modes 0
Event: 0.011 Protecting memory [0x00007fb6bfdff000,0x00007fb6bfe03000] with protection modes 0
Event: 0.011 Protecting memory [0x00007fb6bfcfe000,0x00007fb6bfd02000] with protection modes 0
Event: 0.013 Protecting memory [0x00007fb6bfbfd000,0x00007fb6bfc01000] with protection modes 0

Nmethod flushes (0 events):
No events

Events (9 events):
Event: 0.006 Thread 0x000055bdcc9cbc40 Thread added: 0x000055bdcc9cbc40
Event: 0.011 Thread 0x000055bdcc9cbc40 Thread added: 0x000055bdccaee0e0
Event: 0.011 Thread 0x000055bdcc9cbc40 Thread added: 0x000055bdccaef120
Event: 0.011 Thread 0x000055bdcc9cbc40 Thread added: 0x000055bdccaf0530
Event: 0.011 Thread 0x000055bdcc9cbc40 Thread added: 0x000055bdccaf1d10
Event: 0.011 Thread 0x000055bdcc9cbc40 Thread added: 0x000055bdccaf35a0
Event: 0.011 Thread 0x000055bdcc9cbc40 Thread added: 0x000055bdccaf5430
Event: 0.011 Thread 0x000055bdcc9cbc40 Thread added: 0x000055bdccaf6e30
Event: 0.013 Thread 0x000055bdcc9cbc40 Thread added: 0x000055bdccb03a60


Dynamic libraries:
9c000000-9c001000 ---p 00000000 00:00 0 
9c001000-9cd8d000 rw-p 00001000 103:03 23494223                          /usr/lib/jvm/java-25-openjdk/lib/server/classes.jsa
9cd8d000-9d000000 ---p 00000000 00:00 0 
9d000000-9d010000 rw-p 00000000 00:00 0 
9d010000-dd000000 ---p 00000000 00:00 0 
70b200000-71a800000 rw-p 00000000 00:00 0 
71a800000-7ffe00000 ---p 00000000 00:00 0 
7ffe00000-7fff21000 rw-p 00dc0000 103:03 23494223                        /usr/lib/jvm/java-25-openjdk/lib/server/classes.jsa
7fff21000-800000000 rw-p 00000000 00:00 0 
55bda7cfd000-55bda7cfe000 r--p 00000000 103:03 16297693                  /home/sammy/projects/personal/nexus/Example/c_adapter
55bda7cfe000-55bda7cff000 r-xp 00001000 103:03 16297693                  /home/sammy/projects/personal/nexus/Example/c_adapter
55bda7cff000-55bda7d00000 r--p 00002000 103:03 16297693                  /home/sammy/projects/personal/nexus/Example/c_adapter
55bda7d00000-55bda7d01000 r--p 00002000 103:03 16297693                  /home/sammy/projects/personal/nexus/Example/c_adapter
55bda7d01000-55bda7d02000 rw-p 00003000 103:03 16297693                  /home/sammy/projects/personal/nexus/Example/c_adapter
55bdcc99e000-55bdccb43000 rw-p 00000000 00:00 0                          [heap]
7fb6a8000000-7fb6a8021000 rw-p 00000000 00:00 0 
7fb6a8021000-7fb6ac000000 ---p 00000000 00:00 0 
7fb6b0000000-7fb6b008f000 rw-p 00000000 00:00 0 
7fb6b008f000-7fb6b4000000 ---p 00000000 00:00 0 
7fb6b4000000-7fb6b4021000 rw-p 00000000 00:00 0 
7fb6b4021000-7fb6b8000000 ---p 00000000 00:00 0 
7fb6b8000000-7fb6b8021000 rw-p 00000000 00:00 0 
7fb6b8021000-7fb6bc000000 ---p 00000000 00:00 0 
7fb6bfbfc000-7fb6bfbfd000 rw-p 00000000 00:00 0 
7fb6bfbfd000-7fb6bfc01000 ---p 00000000 00:00 0 
7fb6bfc01000-7fb6bfcfe000 rw-p 00000000 00:00 0 
7fb6bfcfe000-7fb6bfd02000 ---p 00000000 00:00 0 
7fb6bfd02000-7fb6bfdff000 rw-p 00000000 00:00 0 
7fb6bfdff000-7fb6bfe03000 ---p 00000000 00:00 0 
7fb6bfe03000-7fb6bff00000 rw-p 00000000 00:00 0 
7fb6bff00000-7fb6bff04000 ---p 00000000 00:00 0 
7fb6bff04000-7fb6c0000000 rw-p 00000000 00:00 0 
7fb6c0000000-7fb6c0021000 rw-p 00000000 00:00 0 
7fb6c0021000-7fb6c4000000 ---p 00000000 00:00 0 
7fb6c4000000-7fb6c4021000 rw-p 00000000 00:00 0 
7fb6c4021000-7fb6c8000000 ---p 00000000 00:00 0 
7fb6c8000000-7fb6c8010000 rw-p 00000000 00:00 0 
7fb6c8010000-7fb6cc000000 ---p 00000000 00:00 0 
7fb6cc000000-7fb6cc021000 rw-p 00000000 00:00 0 
7fb6cc021000-7fb6d0000000 ---p 00000000 00:00 0 
7fb6d0000000-7fb6d0021000 rw-p 00000000 00:00 0 
7fb6d0021000-7fb6d4000000 ---p 00000000 00:00 0 
7fb6d4000000-7fb6d4021000 rw-p 00000000 00:00 0 
7fb6d4021000-7fb6d8000000 ---p 00000000 00:00 0 
7fb6d8000000-7fb6d8021000 rw-p 00000000 00:00 0 
7fb6d8021000-7fb6dc000000 ---p 00000000 00:00 0 
7fb6dc000000-7fb6dc021000 rw-p 00000000 00:00 0 
7fb6dc021000-7fb6e0000000 ---p 00000000 00:00 0 
7fb6e0000000-7fb6e0021000 rw-p 00000000 00:00 0 
7fb6e0021000-7fb6e4000000 ---p 00000000 00:00 0 
7fb6e4000000-7fb6e4021000 rw-p 00000000 00:00 0 
7fb6e4021000-7fb6e8000000 ---p 00000000 00:00 0 
7fb6e8000000-7fb6e8021000 rw-p 00000000 00:00 0 
7fb6e8021000-7fb6ec000000 ---p 00000000 00:00 0 
7fb6ec000000-7fb6ec021000 rw-p 00000000 00:00 0 
7fb6ec021000-7fb6f0000000 ---p 00000000 00:00 0 
7fb6f00ff000-7fb6f0100000 rw-p 00000000 00:00 0 
7fb6f0100000-7fb6f0104000 ---p 00000000 00:00 0 
7fb6f0104000-7fb6f0200000 rw-p 00000000 00:00 0 
7fb6f0200000-7fb6f04ee000 r--p 00000000 103:03 22689907                  /usr/lib/locale/locale-archive
7fb6f05ec000-7fb6f05ed000 rw-p 00000000 00:00 0 
7fb6f05ed000-7fb6f05f1000 ---p 00000000 00:00 0 
7fb6f05f1000-7fb6f07ef000 rw-p 00000000 00:00 0 
7fb6f07ef000-7fb6f07f3000 ---p 00000000 00:00 0 
7fb6f07f3000-7fb6f09f1000 rw-p 00000000 00:00 0 
7fb6f09f1000-7fb6f09f5000 ---p 00000000 00:00 0 
7fb6f09f5000-7fb6f0cf3000 rw-p 00000000 00:00 0 
7fb6f0cf3000-7fb6f3a00000 rw-p 00000000 00:00 0 
7fb6f3a59000-7fb6f3bdb000 rw-p 00000000 00:00 0 
7fb6f3bdb000-7fb6f3ede000 rw-p 00000000 00:00 0 
7fb6f3ede000-7fb6f4372000 rw-p 00000000 00:00 0 
7fb6f4372000-7fb6f7cca000 ---p 00000000 00:00 0 
7fb6f7cca000-7fb6f7d4d000 rw-p 00000000 00:00 0 
7fb6f7d4d000-7fb6f8478000 ---p 00000000 00:00 0 
7fb6f8478000-7fb6f84f4000 rw-p 00000000 00:00 0 
7fb6f84f4000-7fb6f8c1f000 ---p 00000000 00:00 0 
7fb6f8c1f000-7fb6f9a33000 rw-p 00000000 00:00 0 
7fb6f9a33000-7fb6f9b17000 ---p 00000000 00:00 0 
7fb6f9b17000-7fb6f9b1c000 rw-p 00000000 00:00 0 
7fb6f9b1c000-7fb6f9c00000 ---p 00000000 00:00 0 
7fb6f9c00000-7fb6f9e70000 rwxp 00000000 00:00 0 
7fb6f9e70000-7fb70105f000 ---p 00000000 00:00 0 
7fb70105f000-7fb7012cf000 rwxp 00000000 00:00 0 
7fb7012cf000-7fb70179f000 ---p 00000000 00:00 0 
7fb70179f000-7fb701a0f000 rwxp 00000000 00:00 0 
7fb701a0f000-7fb708c00000 ---p 00000000 00:00 0 
7fb708c00000-7fb7117da000 r--s 00000000 103:03 23494215                  /usr/lib/jvm/java-25-openjdk/lib/modules
7fb711800000-7fb711897000 r--p 00000000 103:03 22584361                  /usr/lib/libstdc++.so.6.0.34
7fb711897000-7fb7119ec000 r-xp 00097000 103:03 22584361                  /usr/lib/libstdc++.so.6.0.34
7fb7119ec000-7fb711a7e000 r--p 001ec000 103:03 22584361                  /usr/lib/libstdc++.so.6.0.34
7fb711a7e000-7fb711a8f000 r--p 0027e000 103:03 22584361                  /usr/lib/libstdc++.so.6.0.34
7fb711a8f000-7fb711a90000 rw-p 0028f000 103:03 22584361                  /usr/lib/libstdc++.so.6.0.34
7fb711a90000-7fb711a94000 rw-p 00000000 00:00 0 
7fb711aad000-7fb711aae000 r--p 00000000 103:03 23494210                  /usr/lib/jvm/java-25-openjdk/lib/libsimdsort.so
7fb711aae000-7fb711ae9000 r-xp 00001000 103:03 23494210                  /usr/lib/jvm/java-25-openjdk/lib/libsimdsort.so
7fb711ae9000-7fb711aef000 r--p 0003c000 103:03 23494210                  /usr/lib/jvm/java-25-openjdk/lib/libsimdsort.so
7fb711aef000-7fb711af0000 r--p 00041000 103:03 23494210                  /usr/lib/jvm/java-25-openjdk/lib/libsimdsort.so
7fb711af0000-7fb711af1000 rw-p 00042000 103:03 23494210                  /usr/lib/jvm/java-25-openjdk/lib/libsimdsort.so
7fb711af1000-7fb711b01000 r--p 00000000 103:03 22555482                  /usr/lib/libm.so.6
7fb711b01000-7fb711b98000 r-xp 00010000 103:03 22555482                  /usr/lib/libm.so.6
7fb711b98000-7fb711c0d000 r--p 000a7000 103:03 22555482                  /usr/lib/libm.so.6
7fb711c0d000-7fb711c0e000 r--p 0011b000 103:03 22555482                  /usr/lib/libm.so.6
7fb711c0e000-7fb711c0f000 rw-p 0011c000 103:03 22555482                  /usr/lib/libm.so.6
7fb711c0f000-7fb711c33000 r--p 00000000 103:03 22555466                  /usr/lib/libc.so.6
7fb711c33000-7fb711da4000 r-xp 00024000 103:03 22555466                  /usr/lib/libc.so.6
7fb711da4000-7fb711df2000 r--p 00195000 103:03 22555466                  /usr/lib/libc.so.6
7fb711df2000-7fb711df6000 r--p 001e2000 103:03 22555466                  /usr/lib/libc.so.6
7fb711df6000-7fb711df8000 rw-p 001e6000 103:03 22555466                  /usr/lib/libc.so.6
7fb711df8000-7fb711e00000 rw-p 00000000 00:00 0 
7fb711e00000-7fb711e0e000 r--p 00000000 103:03 23494228                  /usr/lib/jvm/java-25-openjdk/lib/server/libjvm.so
7fb711e0e000-7fb712ca0000 r-xp 0000e000 103:03 23494228                  /usr/lib/jvm/java-25-openjdk/lib/server/libjvm.so
7fb712ca0000-7fb712eb8000 r--p 00ea0000 103:03 23494228                  /usr/lib/jvm/java-25-openjdk/lib/server/libjvm.so
7fb712eb8000-7fb712f9e000 r--p 010b8000 103:03 23494228                  /usr/lib/jvm/java-25-openjdk/lib/server/libjvm.so
7fb712f9e000-7fb712fc3000 rw-p 0119e000 103:03 23494228                  /usr/lib/jvm/java-25-openjdk/lib/server/libjvm.so
7fb712fc3000-7fb71303e000 rw-p 00000000 00:00 0 
7fb713047000-7fb7130e8000 rw-p 00000000 00:00 0 
7fb7130e8000-7fb7130ec000 r--p 00000000 103:03 22584360                  /usr/lib/libgcc_s.so.1
7fb7130ec000-7fb71310f000 r-xp 00004000 103:03 22584360                  /usr/lib/libgcc_s.so.1
7fb71310f000-7fb713113000 r--p 00027000 103:03 22584360                  /usr/lib/libgcc_s.so.1
7fb713113000-7fb713114000 r--p 0002a000 103:03 22584360                  /usr/lib/libgcc_s.so.1
7fb713114000-7fb713115000 rw-p 0002b000 103:03 22584360                  /usr/lib/libgcc_s.so.1
7fb713115000-7fb71311c000 r--s 00000000 103:03 22690959                  /usr/lib/gconv/gconv-modules.cache
7fb71311c000-7fb713121000 rw-p 00000000 00:00 0 
7fb713121000-7fb71312b000 ---p 00000000 00:00 0 
7fb71312b000-7fb713135000 r--p 00000000 103:03 23494189                  /usr/lib/jvm/java-25-openjdk/lib/libjava.so
7fb713135000-7fb713143000 r-xp 0000a000 103:03 23494189                  /usr/lib/jvm/java-25-openjdk/lib/libjava.so
7fb713143000-7fb713148000 r--p 00018000 103:03 23494189                  /usr/lib/jvm/java-25-openjdk/lib/libjava.so
7fb713148000-7fb713149000 r--p 0001d000 103:03 23494189                  /usr/lib/jvm/java-25-openjdk/lib/libjava.so
7fb713149000-7fb71314a000 rw-p 0001e000 103:03 23494189                  /usr/lib/jvm/java-25-openjdk/lib/libjava.so
7fb71314a000-7fb71314b000 rw-p 00000000 00:00 0 
7fb71314b000-7fb713153000 rw-s 00000000 00:27 651                        /tmp/hsperfdata_sammy/25451
7fb713153000-7fb713154000 ---p 00000000 00:00 0 
7fb713154000-7fb713155000 r--p 00000000 00:00 0 
7fb713155000-7fb713156000 ---p 00000000 00:00 0 
7fb713156000-7fb713157000 r--p 00000000 103:03 23494193                  /usr/lib/jvm/java-25-openjdk/lib/libjimage.so
7fb713157000-7fb713159000 r-xp 00001000 103:03 23494193                  /usr/lib/jvm/java-25-openjdk/lib/libjimage.so
7fb713159000-7fb71315a000 r--p 00003000 103:03 23494193                  /usr/lib/jvm/java-25-openjdk/lib/libjimage.so
7fb71315a000-7fb71315b000 r--p 00003000 103:03 23494193                  /usr/lib/jvm/java-25-openjdk/lib/libjimage.so
7fb71315b000-7fb71315c000 rw-p 00004000 103:03 23494193                  /usr/lib/jvm/java-25-openjdk/lib/libjimage.so
7fb71315c000-7fb71315e000 rw-p 00000000 00:00 0 
7fb71315e000-7fb713162000 r--p 00000000 00:00 0                          [vvar]
7fb713162000-7fb713164000 r--p 00000000 00:00 0                          [vvar_vclock]
7fb713164000-7fb713166000 r-xp 00000000 00:00 0                          [vdso]
7fb713166000-7fb713167000 r--p 00000000 103:03 22555450                  /usr/lib/ld-linux-x86-64.so.2
7fb713167000-7fb713191000 r-xp 00001000 103:03 22555450                  /usr/lib/ld-linux-x86-64.so.2
7fb713191000-7fb71319c000 r--p 0002b000 103:03 22555450                  /usr/lib/ld-linux-x86-64.so.2
7fb71319c000-7fb71319e000 r--p 00036000 103:03 22555450                  /usr/lib/ld-linux-x86-64.so.2
7fb71319e000-7fb71319f000 rw-p 00038000 103:03 22555450                  /usr/lib/ld-linux-x86-64.so.2
7fb71319f000-7fb7131a0000 rw-p 00000000 00:00 0 
7ffcece79000-7ffcece7d000 ---p 00000000 00:00 0 
7ffcece7d000-7ffcecf79000 rw-p 00000000 00:00 0                          [stack]
ffffffffff600000-ffffffffff601000 --xp 00000000 00:00 0                  [vsyscall]
Total number of mappings: 152

JVMTI agents: none


VM Arguments:
java_command: <unknown>
java_class_path (initial): ../../app/build/classes/java/main
Launcher Type: generic

[Global flags]
     intx CICompilerCount                          = 12                                        {product} {ergonomic}
     uint ConcGCThreads                            = 4                                         {product} {ergonomic}
     uint G1ConcRefinementThreads                  = 14                                        {product} {ergonomic}
   size_t G1HeapRegionSize                         = 2097152                                   {product} {ergonomic}
   size_t InitialHeapSize                          = 257949696                                 {product} {ergonomic}
   size_t MarkStackSize                            = 4194304                                   {product} {ergonomic}
   size_t MarkStackSizeMax                         = 536870912                                 {product} {ergonomic}
   size_t MaxHeapSize                              = 4108320768                                {product} {ergonomic}
   size_t MaxNewSize                               = 2464153600                                {product} {ergonomic}
   size_t MinHeapDeltaBytes                        = 2097152                                   {product} {ergonomic}
   size_t MinHeapSize                              = 8388608                                   {product} {ergonomic}
    uintx NonNMethodCodeHeapSize                   = 7602176                                {pd product} {ergonomic}
    uintx NonProfiledCodeHeapSize                  = 122032128                              {pd product} {ergonomic}
    uintx ProfiledCodeHeapSize                     = 122023936                              {pd product} {ergonomic}
    uintx ReservedCodeCacheSize                    = 251658240                              {pd product} {ergonomic}
     bool SegmentedCodeCache                       = true                                      {product} {ergonomic}
   size_t SoftMaxHeapSize                          = 4108320768                             {manageable} {ergonomic}
     bool UseCompressedOops                        = true                           {product lp64_product} {ergonomic}
     bool UseG1GC                                  = true                                      {product} {ergonomic}

Logging:
Log output configuration:
 #0: stdout all=warning uptime,level,tags foldmultilines=false
 #1: stderr all=off uptime,level,tags foldmultilines=false

Release file:
<release file has not been read>
Environment Variables:
JAVA_HOME=/usr/lib/jvm/java-25-openjdk
PATH=/usr/local/sbin:/usr/local/bin:/usr/sbin:/usr/bin:/sbin:/bin:/home/sammy/scripts:/home/sammy/scripts/newproj:/home/sammy/gems/bin:/home/sammy/.nix-profile/bin:/opt/cuda/bin:/usr/lib/jvm/java-25-openjdk/bin:/home/sammy/.cargo/bin:/home/linuxbrew/.linuxbrew/bin:/home/linuxbrew/.linuxbrew/sbin:/home/sammy/.local/bin:/home/sammy/bin:/home/sammy/.nix-profile/bin:/nix/var/nix/profiles/default/bin:/usr/local/sbin:/usr/local/bin:/usr/bin:/opt/android-ndk:/opt/cuda/bin:/usr/lib/jvm/default/bin:/usr/bin/site_perl:/usr/bin/vendor_perl:/usr/bin/core_perl:/home/linuxbrew/.linuxbrew/Cellar/go/1.23.4/libexec/bin:/home/sammy/go/bin
LD_LIBRARY_PATH=/opt/cuda/lib64:
SHELL=/usr/bin/zsh
DISPLAY=:1
WAYLAND_DISPLAY=wayland-1
LANG=en_US.UTF-8
TERM=xterm-kitty

Active Locale:
LC_ALL=en_US.UTF-8
LC_COLLATE=en_US.UTF-8
LC_CTYPE=en_US.UTF-8
LC_MESSAGES=en_US.UTF-8
LC_MONETARY=en_US.UTF-8
LC_NUMERIC=en_US.UTF-8
LC_TIME=en_US.UTF-8

Signal Handlers:
   SIGSEGV: 0x00007fb712bcc2a0 in libjvm.so+14467744, mask=11100100010111111101111111111110, flags=SA_RESTART|SA_SIGINFO, unblocked
    SIGBUS: 0x00007fb712bcc2a0 in libjvm.so+14467744, mask=11100100010111111101111111111110, flags=SA_RESTART|SA_SIGINFO, unblocked
    SIGFPE: 0x00007fb712bcc2a0 in libjvm.so+14467744, mask=11100100010111111101111111111110, flags=SA_RESTART|SA_SIGINFO, unblocked
   SIGPIPE: 0x00007fb712a688b0 in libjvm.so+13011120, mask=11100100010111111101111111111110, flags=SA_RESTART|SA_SIGINFO, blocked
   SIGXFSZ: 0x00007fb712a688b0 in libjvm.so+13011120, mask=11100100010111111101111111111110, flags=SA_RESTART|SA_SIGINFO, blocked
    SIGILL: 0x00007fb712bcc2a0 in libjvm.so+14467744, mask=11100100010111111101111111111110, flags=SA_RESTART|SA_SIGINFO, unblocked
   SIGUSR2: 0x00007fb712a6a010 in libjvm.so+13017104, mask=00000000000000000000000000000000, flags=SA_RESTART|SA_SIGINFO, blocked
    SIGHUP: 0x00007fb712a54a20 in libjvm.so+12929568, mask=11100100010111111101111111111110, flags=SA_RESTART|SA_SIGINFO, blocked
    SIGINT: 0x00007fb712a54a20 in libjvm.so+12929568, mask=11100100010111111101111111111110, flags=SA_RESTART|SA_SIGINFO, blocked
   SIGTERM: 0x00007fb712a54a20 in libjvm.so+12929568, mask=11100100010111111101111111111110, flags=SA_RESTART|SA_SIGINFO, blocked
   SIGQUIT: 0x00007fb712a54a20 in libjvm.so+12929568, mask=11100100010111111101111111111110, flags=SA_RESTART|SA_SIGINFO, blocked
   SIGTRAP: 0x00007fb712bcc2a0 in libjvm.so+14467744, mask=11100100010111111101111111111110, flags=SA_RESTART|SA_SIGINFO, unblocked


Compilation memory statistics disabled.

Periodic native trim disabled

---------------  S Y S T E M  ---------------

OS:
DISTRIB_ID="EndeavourOS"
DISTRIB_RELEASE="rolling"
DISTRIB_DESCRIPTION="EndeavourOS Linux"
DISTRIB_CODENAME="rolling"
uname: Linux 6.18.9-zen1-2-zen #1 ZEN SMP PREEMPT_DYNAMIC Mon, 09 Feb 2026 17:45:06 +0000 x86_64
OS uptime: 0 days 1:53 hours
libc: glibc 2.43 NPTL 2.43 
rlimit (soft/hard): STACK 8192k/infinity , CORE infinity/infinity , NPROC 62196/62196 , NOFILE 524288/524288 , AS infinity/infinity , CPU infinity/infinity , DATA infinity/infinity , FSIZE infinity/infinity , MEMLOCK 8192k/8192k
load average: 1.29 1.11 1.04

/proc/meminfo:
MemTotal:       16043092 kB
MemFree:         4917532 kB
MemAvailable:    8587576 kB
Buffers:          308884 kB
Cached:          4081204 kB
SwapCached:            0 kB
Active:          7619020 kB
Inactive:        2328244 kB
Active(anon):    6112104 kB
Inactive(anon):        0 kB
Active(file):    1506916 kB
Inactive(file):  2328244 kB
Unevictable:      219668 kB
Mlocked:              16 kB
SwapTotal:             0 kB
SwapFree:              0 kB
Zswap:                 0 kB
Zswapped:              0 kB
Dirty:             14568 kB
Writeback:           280 kB
AnonPages:       5740284 kB
Mapped:          1240816 kB
Shmem:            555144 kB
KReclaimable:     177688 kB
Slab:             343700 kB
SReclaimable:     177688 kB
SUnreclaim:       166012 kB
KernelStack:       24636 kB
PageTables:        81740 kB
SecPageTables:      2084 kB
NFS_Unstable:          0 kB
Bounce:                0 kB
WritebackTmp:          0 kB
CommitLimit:     8021544 kB
Committed_AS:   34798924 kB
VmallocTotal:   34359738367 kB
VmallocUsed:      124052 kB
VmallocChunk:          0 kB
Percpu:            15552 kB
HardwareCorrupted:     0 kB
AnonHugePages:   1026048 kB
ShmemHugePages:   204800 kB
ShmemPmdMapped:        0 kB
FileHugePages:    458752 kB
FilePmdMapped:    337920 kB
CmaTotal:              0 kB
CmaFree:               0 kB
Unaccepted:            0 kB
Balloon:               0 kB
HugePages_Total:       0
HugePages_Free:        0
HugePages_Rsvd:        0
HugePages_Surp:        0
Hugepagesize:       2048 kB
Hugetlb:               0 kB
DirectMap4k:      740440 kB
DirectMap2M:    12568576 kB
DirectMap1G:     4194304 kB

/sys/kernel/mm/transparent_hugepage/enabled: [always] madvise never
/sys/kernel/mm/transparent_hugepage/hpage_pmd_size: 2097152
/sys/kernel/mm/transparent_hugepage/shmem_enabled: always within_size advise [never] deny force
/sys/kernel/mm/transparent_hugepage/defrag (defrag/compaction efforts parameter): always defer [defer+madvise] madvise never

Process Memory:
Virtual Size: 6704832K (peak: 6770204K)
Resident Set Size: 44300K (peak: 44300K) (anon: 22204K, file: 22064K, shmem: 32K)
Swapped out: 0K
C-Heap outstanding allocations: 32182K, retained: 1845K
glibc malloc tunables: (default)

/proc/sys/kernel/threads-max (system-wide limit on the number of threads): 124392
/proc/sys/vm/max_map_count (maximum number of memory map areas a process may have): 1048576
/proc/sys/vm/swappiness (control to define how aggressively the kernel swaps out anonymous memory): 60
/proc/sys/kernel/pid_max (system-wide limit on number of process identifiers): 4194304

container information not found.
Steal ticks since vm start: 0
Steal ticks percentage since vm start:  0.000

CPU: total 19 (initial active 19) (20 cores per cpu, 1 threads per core) family 6 model 183 stepping 1 microcode 0x133, cx8, cmov, fxsr, mmx, 3dnowpref, sse, sse2, sse3, ssse3, sse4.1, sse4.2, popcnt, lzcnt, tsc, tscinvbit, avx, avx2, aes, erms, clmul, bmi1, bmi2, adx, sha, fma, vzeroupper, clflush, clflushopt, clwb, serialize, rdtscp, rdpid, fsrm, gfni, f16c, pku, ospke, cet_ibt, cet_ss
CPU Model and flags from /proc/cpuinfo:
model name	: 13th Gen Intel(R) Core(TM) i7-13650HX
flags		: fpu vme de pse tsc msr pae mce cx8 apic sep mtrr pge mca cmov pat pse36 clflush dts acpi mmx fxsr sse sse2 ss ht tm pbe syscall nx pdpe1gb rdtscp lm constant_tsc art arch_perfmon pebs bts rep_good nopl xtopology nonstop_tsc cpuid aperfmperf tsc_known_freq pni pclmulqdq dtes64 monitor ds_cpl vmx est tm2 ssse3 sdbg fma cx16 xtpr pdcm pcid sse4_1 sse4_2 x2apic movbe popcnt tsc_deadline_timer aes xsave avx f16c rdrand lahf_lm abm 3dnowprefetch cpuid_fault epb ssbd ibrs ibpb stibp ibrs_enhanced tpr_shadow flexpriority ept vpid ept_ad fsgsbase tsc_adjust bmi1 avx2 smep bmi2 erms invpcid rdseed adx smap clflushopt clwb intel_pt sha_ni xsaveopt xsavec xgetbv1 xsaves split_lock_detect user_shstk avx_vnni dtherm ida arat pln pts hwp hwp_notify hwp_act_window hwp_epp hwp_pkg_req hfi vnmi umip pku ospke waitpkg gfni vaes vpclmulqdq rdpid movdiri movdir64b fsrm md_clear serialize arch_lbr ibt flush_l1d arch_capabilities

Online cpus: 0-18
Offline cpus: 
BIOS frequency limitation: <Not Available>
Frequency switch latency (ns): 0
Available cpu frequencies: <Not Available>
Current governor: powersave
Core performance/turbo boost: <Not Available>

Memory: 4k page, physical 16043092k(8587576k free), swap 0k(0k free)
Page Sizes: 4k

vm_info: OpenJDK 64-Bit Server VM (25.0.2) for linux-amd64 JRE (25.0.2), built on 2026-01-21T09:22:58Z with gcc 15.2.1 20260103

END.
